{"C:\\Users\\Dzmitry_Yarash\\WebstormProjects\\rs-react-app\\src\\main.tsx": {"path":"C:\\Users\\Dzmitry_Yarash\\WebstormProjects\\rs-react-app\\src\\main.tsx","statementMap":{"0":{"start":{"line":1,"column":0},"end":{"line":1,"column":35}},"1":{"start":{"line":2,"column":0},"end":{"line":2,"column":46}},"2":{"start":{"line":3,"column":0},"end":{"line":3,"column":21}},"3":{"start":{"line":4,"column":0},"end":{"line":4,"column":43}},"4":{"start":{"line":5,"column":0},"end":{"line":5,"column":55}},"5":{"start":{"line":6,"column":0},"end":{"line":6,"column":39}},"6":{"start":{"line":7,"column":0},"end":{"line":7,"column":38}},"7":{"start":{"line":9,"column":20},"end":{"line":9,"column":51}},"8":{"start":{"line":10,"column":0},"end":{"line":22,"column":1}},"9":{"start":{"line":11,"column":2},"end":{"line":19,"column":4}},"10":{"start":{"line":21,"column":2},"end":{"line":21,"column":51}}},"fnMap":{},"branchMap":{"0":{"loc":{"start":{"line":10,"column":0},"end":{"line":22,"column":1}},"type":"if","locations":[{"start":{"line":10,"column":0},"end":{"line":22,"column":1}},{"start":{"line":20,"column":7},"end":{"line":22,"column":1}}]}},"s":{"0":0,"1":0,"2":0,"3":0,"4":0,"5":0,"6":0,"7":0,"8":0,"9":0,"10":0},"f":{},"b":{"0":[0,0]}}
,"C:\\Users\\Dzmitry_Yarash\\WebstormProjects\\rs-react-app\\src\\components\\App\\App.tsx": {"path":"C:\\Users\\Dzmitry_Yarash\\WebstormProjects\\rs-react-app\\src\\components\\App\\App.tsx","statementMap":{"0":{"start":{"line":1,"column":0},"end":{"line":1,"column":19}},"1":{"start":{"line":2,"column":0},"end":{"line":2,"column":71}},"2":{"start":{"line":3,"column":0},"end":{"line":3,"column":51}},"3":{"start":{"line":4,"column":0},"end":{"line":4,"column":60}},"4":{"start":{"line":5,"column":0},"end":{"line":5,"column":45}},"5":{"start":{"line":7,"column":15},"end":{"line":22,"column":2}},"6":{"start":{"line":24,"column":19},"end":{"line":26,"column":1}},"7":{"start":{"line":25,"column":2},"end":{"line":25,"column":44}},"8":{"start":{"line":24,"column":13},"end":{"line":24,"column":19}}},"fnMap":{"0":{"name":"(anonymous_0)","decl":{"start":{"line":24,"column":19},"end":{"line":24,"column":22}},"loc":{"start":{"line":24,"column":24},"end":{"line":26,"column":1}}}},"branchMap":{},"s":{"0":0,"1":0,"2":0,"3":0,"4":0,"5":0,"6":0,"7":0,"8":0},"f":{"0":0},"b":{}}
,"C:\\Users\\Dzmitry_Yarash\\WebstormProjects\\rs-react-app\\src\\components\\Card\\Card.tsx": {"path":"C:\\Users\\Dzmitry_Yarash\\WebstormProjects\\rs-react-app\\src\\components\\Card\\Card.tsx","statementMap":{"0":{"start":{"line":2,"column":0},"end":{"line":2,"column":48}},"1":{"start":{"line":3,"column":0},"end":{"line":3,"column":48}},"2":{"start":{"line":4,"column":0},"end":{"line":4,"column":52}},"3":{"start":{"line":14,"column":20},"end":{"line":28,"column":1}},"4":{"start":{"line":15,"column":20},"end":{"line":15,"column":30}},"5":{"start":{"line":17,"column":2},"end":{"line":27,"column":4}},"6":{"start":{"line":22,"column":28},"end":{"line":22,"column":53}},"7":{"start":{"line":14,"column":13},"end":{"line":14,"column":20}}},"fnMap":{"0":{"name":"(anonymous_0)","decl":{"start":{"line":14,"column":20},"end":{"line":14,"column":21}},"loc":{"start":{"line":14,"column":58},"end":{"line":28,"column":1}}},"1":{"name":"(anonymous_1)","decl":{"start":{"line":22,"column":17},"end":{"line":22,"column":18}},"loc":{"start":{"line":22,"column":28},"end":{"line":22,"column":53}}}},"branchMap":{"0":{"loc":{"start":{"line":21,"column":32},"end":{"line":21,"column":75}},"type":"cond-expr","locations":[{"start":{"line":21,"column":59},"end":{"line":21,"column":65}},{"start":{"line":21,"column":68},"end":{"line":21,"column":75}}]}},"s":{"0":2,"1":2,"2":2,"3":2,"4":9,"5":9,"6":2,"7":2},"f":{"0":9,"1":2},"b":{"0":[9,0]}}
,"C:\\Users\\Dzmitry_Yarash\\WebstormProjects\\rs-react-app\\src\\components\\Checkbox\\Checkbox.tsx": {"path":"C:\\Users\\Dzmitry_Yarash\\WebstormProjects\\rs-react-app\\src\\components\\Checkbox\\Checkbox.tsx","statementMap":{"0":{"start":{"line":1,"column":0},"end":{"line":1,"column":55}},"1":{"start":{"line":2,"column":0},"end":{"line":2,"column":72}},"2":{"start":{"line":5,"column":0},"end":{"line":5,"column":44}},"3":{"start":{"line":6,"column":0},"end":{"line":6,"column":66}},"4":{"start":{"line":8,"column":24},"end":{"line":33,"column":1}},"5":{"start":{"line":9,"column":42},"end":{"line":9,"column":54}},"6":{"start":{"line":10,"column":19},"end":{"line":10,"column":32}},"7":{"start":{"line":11,"column":21},"end":{"line":12,"column":null}},"8":{"start":{"line":12,"column":4},"end":{"line":12,"column":60}},"9":{"start":{"line":15,"column":2},"end":{"line":19,"column":18}},"10":{"start":{"line":16,"column":4},"end":{"line":18,"column":5}},"11":{"start":{"line":17,"column":6},"end":{"line":17,"column":37}},"12":{"start":{"line":21,"column":23},"end":{"line":24,"column":3}},"13":{"start":{"line":22,"column":4},"end":{"line":22,"column":44}},"14":{"start":{"line":23,"column":4},"end":{"line":23,"column":79}},"15":{"start":{"line":26,"column":2},"end":{"line":32,"column":4}},"16":{"start":{"line":8,"column":13},"end":{"line":8,"column":24}}},"fnMap":{"0":{"name":"(anonymous_0)","decl":{"start":{"line":8,"column":24},"end":{"line":8,"column":25}},"loc":{"start":{"line":8,"column":69},"end":{"line":33,"column":1}}},"1":{"name":"(anonymous_1)","decl":{"start":{"line":11,"column":33},"end":{"line":11,"column":34}},"loc":{"start":{"line":12,"column":4},"end":{"line":12,"column":60}}},"2":{"name":"(anonymous_2)","decl":{"start":{"line":15,"column":12},"end":{"line":15,"column":15}},"loc":{"start":{"line":15,"column":17},"end":{"line":19,"column":3}}},"3":{"name":"(anonymous_3)","decl":{"start":{"line":21,"column":23},"end":{"line":21,"column":26}},"loc":{"start":{"line":21,"column":28},"end":{"line":24,"column":3}}}},"branchMap":{"0":{"loc":{"start":{"line":16,"column":4},"end":{"line":18,"column":5}},"type":"if","locations":[{"start":{"line":16,"column":4},"end":{"line":18,"column":5}}]},"1":{"loc":{"start":{"line":23,"column":13},"end":{"line":23,"column":77}},"type":"cond-expr","locations":[{"start":{"line":23,"column":26},"end":{"line":23,"column":56}},{"start":{"line":23,"column":59},"end":{"line":23,"column":77}}]}},"s":{"0":2,"1":2,"2":2,"3":2,"4":2,"5":20,"6":20,"7":20,"8":18,"9":20,"10":10,"11":10,"12":20,"13":2,"14":2,"15":20,"16":2},"f":{"0":20,"1":18,"2":10,"3":2},"b":{"0":[10],"1":[1,1]}}
,"C:\\Users\\Dzmitry_Yarash\\WebstormProjects\\rs-react-app\\src\\components\\Details\\Details.tsx": {"path":"C:\\Users\\Dzmitry_Yarash\\WebstormProjects\\rs-react-app\\src\\components\\Details\\Details.tsx","statementMap":{"0":{"start":{"line":2,"column":0},"end":{"line":2,"column":58}},"1":{"start":{"line":3,"column":0},"end":{"line":3,"column":44}},"2":{"start":{"line":4,"column":0},"end":{"line":4,"column":42}},"3":{"start":{"line":5,"column":0},"end":{"line":5,"column":62}},"4":{"start":{"line":6,"column":0},"end":{"line":6,"column":48}},"5":{"start":{"line":7,"column":0},"end":{"line":7,"column":52}},"6":{"start":{"line":9,"column":23},"end":{"line":46,"column":1}},"7":{"start":{"line":10,"column":20},"end":{"line":10,"column":30}},"8":{"start":{"line":11,"column":26},"end":{"line":11,"column":37}},"9":{"start":{"line":12,"column":19},"end":{"line":12,"column":32}},"10":{"start":{"line":13,"column":52},"end":{"line":14,"column":null}},"11":{"start":{"line":17,"column":4},"end":{"line":17,"column":39}},"12":{"start":{"line":19,"column":2},"end":{"line":23,"column":13}},"13":{"start":{"line":20,"column":4},"end":{"line":22,"column":5}},"14":{"start":{"line":21,"column":6},"end":{"line":21,"column":33}},"15":{"start":{"line":25,"column":26},"end":{"line":27,"column":3}},"16":{"start":{"line":26,"column":4},"end":{"line":26,"column":18}},"17":{"start":{"line":29,"column":2},"end":{"line":45,"column":4}},"18":{"start":{"line":9,"column":13},"end":{"line":9,"column":23}}},"fnMap":{"0":{"name":"(anonymous_0)","decl":{"start":{"line":9,"column":23},"end":{"line":9,"column":26}},"loc":{"start":{"line":9,"column":28},"end":{"line":46,"column":1}}},"1":{"name":"(anonymous_1)","decl":{"start":{"line":19,"column":12},"end":{"line":19,"column":15}},"loc":{"start":{"line":19,"column":17},"end":{"line":23,"column":3}}},"2":{"name":"(anonymous_2)","decl":{"start":{"line":25,"column":26},"end":{"line":25,"column":29}},"loc":{"start":{"line":25,"column":31},"end":{"line":27,"column":3}}}},"branchMap":{"0":{"loc":{"start":{"line":11,"column":10},"end":{"line":11,"column":21}},"type":"default-arg","locations":[{"start":{"line":11,"column":19},"end":{"line":11,"column":21}}]},"1":{"loc":{"start":{"line":20,"column":4},"end":{"line":22,"column":5}},"type":"if","locations":[{"start":{"line":20,"column":4},"end":{"line":22,"column":5}}]},"2":{"loc":{"start":{"line":29,"column":9},"end":{"line":44,"column":null}},"type":"cond-expr","locations":[{"start":{"line":30,"column":4},"end":{"line":30,"column":14}},{"start":{"line":32,"column":4},"end":{"line":44,"column":70}}]},"3":{"loc":{"start":{"line":29,"column":9},"end":{"line":29,"column":32}},"type":"binary-expr","locations":[{"start":{"line":29,"column":9},"end":{"line":29,"column":18}},{"start":{"line":29,"column":22},"end":{"line":29,"column":32}}]},"4":{"loc":{"start":{"line":32,"column":4},"end":{"line":44,"column":70}},"type":"binary-expr","locations":[{"start":{"line":32,"column":5},"end":{"line":32,"column":22}},{"start":{"line":33,"column":6},"end":{"line":42,"column":null}},{"start":{"line":44,"column":10},"end":{"line":44,"column":70}}]},"5":{"loc":{"start":{"line":34,"column":50},"end":{"line":34,"column":93}},"type":"cond-expr","locations":[{"start":{"line":34,"column":77},"end":{"line":34,"column":83}},{"start":{"line":34,"column":86},"end":{"line":34,"column":93}}]},"6":{"loc":{"start":{"line":44,"column":14},"end":{"line":44,"column":65}},"type":"cond-expr","locations":[{"start":{"line":44,"column":39},"end":{"line":44,"column":52}},{"start":{"line":44,"column":55},"end":{"line":44,"column":65}}]}},"s":{"0":1,"1":1,"2":1,"3":1,"4":1,"5":1,"6":1,"7":6,"8":6,"9":6,"10":6,"11":6,"12":6,"13":4,"14":2,"15":6,"16":1,"17":6,"18":1},"f":{"0":6,"1":4,"2":1},"b":{"0":[0],"1":[2],"2":[1,5],"3":[6,5],"4":[5,2,3],"5":[2,0],"6":[1,2]}}
,"C:\\Users\\Dzmitry_Yarash\\WebstormProjects\\rs-react-app\\src\\components\\ErrorBoundary\\ErrorBoundary.tsx": {"path":"C:\\Users\\Dzmitry_Yarash\\WebstormProjects\\rs-react-app\\src\\components\\ErrorBoundary\\ErrorBoundary.tsx","statementMap":{"0":{"start":{"line":1,"column":0},"end":{"line":1,"column":26}},"1":{"start":{"line":13,"column":30},"end":{"line":16,"column":4}},"2":{"start":{"line":19,"column":4},"end":{"line":19,"column":37}},"3":{"start":{"line":23,"column":4},"end":{"line":23,"column":69}},"4":{"start":{"line":27,"column":4},"end":{"line":29,"column":5}},"5":{"start":{"line":28,"column":6},"end":{"line":28,"column":44}},"6":{"start":{"line":31,"column":4},"end":{"line":31,"column":31}},"7":{"start":{"line":9,"column":0},"end":{"line":9,"column":13}}},"fnMap":{"0":{"name":"(anonymous_1)","decl":{"start":{"line":18,"column":2},"end":{"line":18,"column":8}},"loc":{"start":{"line":18,"column":46},"end":{"line":20,"column":3}}},"1":{"name":"(anonymous_2)","decl":{"start":{"line":22,"column":2},"end":{"line":22,"column":19}},"loc":{"start":{"line":22,"column":60},"end":{"line":24,"column":3}}},"2":{"name":"(anonymous_3)","decl":{"start":{"line":26,"column":2},"end":{"line":26,"column":8}},"loc":{"start":{"line":26,"column":8},"end":{"line":32,"column":3}}}},"branchMap":{"0":{"loc":{"start":{"line":27,"column":4},"end":{"line":29,"column":5}},"type":"if","locations":[{"start":{"line":27,"column":4},"end":{"line":29,"column":5}}]}},"s":{"0":1,"1":3,"2":2,"3":1,"4":5,"5":2,"6":3,"7":1},"f":{"0":2,"1":1,"2":5},"b":{"0":[2]}}
,"C:\\Users\\Dzmitry_Yarash\\WebstormProjects\\rs-react-app\\src\\components\\FlyoutPanel\\FlyoutPanel.tsx": {"path":"C:\\Users\\Dzmitry_Yarash\\WebstormProjects\\rs-react-app\\src\\components\\FlyoutPanel\\FlyoutPanel.tsx","statementMap":{"0":{"start":{"line":1,"column":0},"end":{"line":1,"column":55}},"1":{"start":{"line":3,"column":0},"end":{"line":3,"column":56}},"2":{"start":{"line":4,"column":0},"end":{"line":4,"column":73}},"3":{"start":{"line":5,"column":0},"end":{"line":5,"column":57}},"4":{"start":{"line":6,"column":0},"end":{"line":6,"column":52}},"5":{"start":{"line":7,"column":0},"end":{"line":7,"column":48}},"6":{"start":{"line":9,"column":27},"end":{"line":50,"column":1}},"7":{"start":{"line":10,"column":19},"end":{"line":10,"column":32}},"8":{"start":{"line":11,"column":20},"end":{"line":11,"column":30}},"9":{"start":{"line":12,"column":29},"end":{"line":13,"column":null}},"10":{"start":{"line":13,"column":26},"end":{"line":13,"column":59}},"11":{"start":{"line":15,"column":21},"end":{"line":16,"column":null}},"12":{"start":{"line":16,"column":26},"end":{"line":16,"column":53}},"13":{"start":{"line":19,"column":28},"end":{"line":22,"column":3}},"14":{"start":{"line":20,"column":4},"end":{"line":20,"column":33}},"15":{"start":{"line":21,"column":4},"end":{"line":21,"column":31}},"16":{"start":{"line":24,"column":25},"end":{"line":31,"column":3}},"17":{"start":{"line":25,"column":17},"end":{"line":25,"column":40}},"18":{"start":{"line":26,"column":17},"end":{"line":26,"column":55}},"19":{"start":{"line":27,"column":17},"end":{"line":27,"column":44}},"20":{"start":{"line":28,"column":4},"end":{"line":28,"column":42}},"21":{"start":{"line":29,"column":4},"end":{"line":29,"column":58}},"22":{"start":{"line":30,"column":4},"end":{"line":30,"column":17}},"23":{"start":{"line":33,"column":2},"end":{"line":49,"column":4}},"24":{"start":{"line":9,"column":13},"end":{"line":9,"column":27}}},"fnMap":{"0":{"name":"(anonymous_0)","decl":{"start":{"line":9,"column":27},"end":{"line":9,"column":30}},"loc":{"start":{"line":9,"column":32},"end":{"line":50,"column":1}}},"1":{"name":"(anonymous_1)","decl":{"start":{"line":13,"column":4},"end":{"line":13,"column":5}},"loc":{"start":{"line":13,"column":26},"end":{"line":13,"column":59}}},"2":{"name":"(anonymous_2)","decl":{"start":{"line":16,"column":4},"end":{"line":16,"column":5}},"loc":{"start":{"line":16,"column":26},"end":{"line":16,"column":53}}},"3":{"name":"(anonymous_3)","decl":{"start":{"line":19,"column":28},"end":{"line":19,"column":31}},"loc":{"start":{"line":19,"column":33},"end":{"line":22,"column":3}}},"4":{"name":"(anonymous_4)","decl":{"start":{"line":24,"column":25},"end":{"line":24,"column":28}},"loc":{"start":{"line":24,"column":30},"end":{"line":31,"column":3}}}},"branchMap":{"0":{"loc":{"start":{"line":35,"column":7},"end":{"line":46,"column":null}},"type":"binary-expr","locations":[{"start":{"line":35,"column":7},"end":{"line":35,"column":37}},{"start":{"line":36,"column":8},"end":{"line":45,"column":null}}]},"1":{"loc":{"start":{"line":39,"column":38},"end":{"line":39,"column":81}},"type":"cond-expr","locations":[{"start":{"line":39,"column":65},"end":{"line":39,"column":71}},{"start":{"line":39,"column":74},"end":{"line":39,"column":81}}]}},"s":{"0":1,"1":1,"2":1,"3":1,"4":1,"5":1,"6":1,"7":3,"8":3,"9":3,"10":3,"11":3,"12":3,"13":3,"14":1,"15":1,"16":3,"17":1,"18":1,"19":1,"20":1,"21":1,"22":1,"23":3,"24":1},"f":{"0":3,"1":3,"2":3,"3":1,"4":1},"b":{"0":[3,3],"1":[0,3]}}
,"C:\\Users\\Dzmitry_Yarash\\WebstormProjects\\rs-react-app\\src\\components\\FooterActions\\FooterActions.tsx": {"path":"C:\\Users\\Dzmitry_Yarash\\WebstormProjects\\rs-react-app\\src\\components\\FooterActions\\FooterActions.tsx","statementMap":{"0":{"start":{"line":1,"column":0},"end":{"line":1,"column":72}},"1":{"start":{"line":2,"column":0},"end":{"line":2,"column":54}},"2":{"start":{"line":11,"column":29},"end":{"line":29,"column":1}},"3":{"start":{"line":17,"column":2},"end":{"line":28,"column":4}},"4":{"start":{"line":22,"column":32},"end":{"line":22,"column":63}},"5":{"start":{"line":23,"column":28},"end":{"line":23,"column":55}},"6":{"start":{"line":11,"column":13},"end":{"line":11,"column":29}}},"fnMap":{"0":{"name":"(anonymous_0)","decl":{"start":{"line":11,"column":29},"end":{"line":11,"column":30}},"loc":{"start":{"line":16,"column":25},"end":{"line":29,"column":1}}},"1":{"name":"(anonymous_1)","decl":{"start":{"line":22,"column":26},"end":{"line":22,"column":29}},"loc":{"start":{"line":22,"column":32},"end":{"line":22,"column":63}}},"2":{"name":"(anonymous_2)","decl":{"start":{"line":23,"column":22},"end":{"line":23,"column":25}},"loc":{"start":{"line":23,"column":28},"end":{"line":23,"column":55}}}},"branchMap":{"0":{"loc":{"start":{"line":19,"column":7},"end":{"line":24,"column":null}},"type":"binary-expr","locations":[{"start":{"line":19,"column":7},"end":{"line":19,"column":26}},{"start":{"line":20,"column":8},"end":{"line":23,"column":null}}]}},"s":{"0":1,"1":1,"2":1,"3":3,"4":1,"5":1,"6":1},"f":{"0":3,"1":1,"2":1},"b":{"0":[3,2]}}
,"C:\\Users\\Dzmitry_Yarash\\WebstormProjects\\rs-react-app\\src\\components\\Loader\\Loader.tsx": {"path":"C:\\Users\\Dzmitry_Yarash\\WebstormProjects\\rs-react-app\\src\\components\\Loader\\Loader.tsx","statementMap":{"0":{"start":{"line":1,"column":22},"end":{"line":3,"column":1}},"1":{"start":{"line":2,"column":2},"end":{"line":2,"column":27}},"2":{"start":{"line":1,"column":13},"end":{"line":1,"column":22}}},"fnMap":{"0":{"name":"(anonymous_0)","decl":{"start":{"line":1,"column":22},"end":{"line":1,"column":25}},"loc":{"start":{"line":1,"column":27},"end":{"line":3,"column":1}}}},"branchMap":{},"s":{"0":2,"1":2,"2":2},"f":{"0":2},"b":{}}
,"C:\\Users\\Dzmitry_Yarash\\WebstormProjects\\rs-react-app\\src\\components\\NotFoundPage\\NotFoundPage.tsx": {"path":"C:\\Users\\Dzmitry_Yarash\\WebstormProjects\\rs-react-app\\src\\components\\NotFoundPage\\NotFoundPage.tsx","statementMap":{"0":{"start":{"line":1,"column":28},"end":{"line":3,"column":1}},"1":{"start":{"line":2,"column":2},"end":{"line":2,"column":35}},"2":{"start":{"line":1,"column":13},"end":{"line":1,"column":28}}},"fnMap":{"0":{"name":"(anonymous_0)","decl":{"start":{"line":1,"column":28},"end":{"line":1,"column":31}},"loc":{"start":{"line":1,"column":33},"end":{"line":3,"column":1}}}},"branchMap":{},"s":{"0":1,"1":1,"2":1},"f":{"0":1},"b":{}}
,"C:\\Users\\Dzmitry_Yarash\\WebstormProjects\\rs-react-app\\src\\components\\Pagination\\Pagination.tsx": {"path":"C:\\Users\\Dzmitry_Yarash\\WebstormProjects\\rs-react-app\\src\\components\\Pagination\\Pagination.tsx","statementMap":{"0":{"start":{"line":1,"column":0},"end":{"line":1,"column":51}},"1":{"start":{"line":2,"column":0},"end":{"line":2,"column":34}},"2":{"start":{"line":3,"column":0},"end":{"line":3,"column":52}},"3":{"start":{"line":4,"column":0},"end":{"line":4,"column":48}},"4":{"start":{"line":12,"column":26},"end":{"line":41,"column":1}},"5":{"start":{"line":17,"column":42},"end":{"line":17,"column":59}},"6":{"start":{"line":18,"column":20},"end":{"line":18,"column":30}},"7":{"start":{"line":19,"column":2},"end":{"line":26,"column":51}},"8":{"start":{"line":20,"column":4},"end":{"line":25,"column":5}},"9":{"start":{"line":21,"column":6},"end":{"line":24,"column":9}},"10":{"start":{"line":28,"column":2},"end":{"line":40,"column":4}},"11":{"start":{"line":12,"column":13},"end":{"line":12,"column":26}}},"fnMap":{"0":{"name":"(anonymous_0)","decl":{"start":{"line":12,"column":26},"end":{"line":12,"column":27}},"loc":{"start":{"line":16,"column":22},"end":{"line":41,"column":1}}},"1":{"name":"(anonymous_1)","decl":{"start":{"line":19,"column":12},"end":{"line":19,"column":15}},"loc":{"start":{"line":19,"column":17},"end":{"line":26,"column":3}}}},"branchMap":{"0":{"loc":{"start":{"line":20,"column":4},"end":{"line":25,"column":5}},"type":"if","locations":[{"start":{"line":20,"column":4},"end":{"line":25,"column":5}}]},"1":{"loc":{"start":{"line":30,"column":51},"end":{"line":30,"column":94}},"type":"cond-expr","locations":[{"start":{"line":30,"column":78},"end":{"line":30,"column":84}},{"start":{"line":30,"column":87},"end":{"line":30,"column":94}}]}},"s":{"0":1,"1":1,"2":1,"3":1,"4":1,"5":4,"6":4,"7":4,"8":4,"9":4,"10":4,"11":1},"f":{"0":4,"1":4},"b":{"0":[4],"1":[4,0]}}
,"C:\\Users\\Dzmitry_Yarash\\WebstormProjects\\rs-react-app\\src\\components\\Results\\Results.tsx": {"path":"C:\\Users\\Dzmitry_Yarash\\WebstormProjects\\rs-react-app\\src\\components\\Results\\Results.tsx","statementMap":{"0":{"start":{"line":11,"column":0},"end":{"line":11,"column":16}},"1":{"start":{"line":1,"column":0},"end":{"line":1,"column":55}},"2":{"start":{"line":2,"column":0},"end":{"line":2,"column":36}},"3":{"start":{"line":16,"column":19},"end":{"line":16,"column":32}},"4":{"start":{"line":18,"column":26},"end":{"line":25,"column":3}},"5":{"start":{"line":22,"column":4},"end":{"line":22,"column":28}},"6":{"start":{"line":23,"column":15},"end":{"line":23,"column":68}},"7":{"start":{"line":24,"column":4},"end":{"line":24,"column":31}},"8":{"start":{"line":27,"column":26},"end":{"line":29,"column":3}},"9":{"start":{"line":28,"column":4},"end":{"line":28,"column":18}},"10":{"start":{"line":31,"column":2},"end":{"line":51,"column":4}},"11":{"start":{"line":41,"column":14},"end":{"line":41,"column":null}}},"fnMap":{"0":{"name":"Results","decl":{"start":{"line":11,"column":16},"end":{"line":11,"column":23}},"loc":{"start":{"line":15,"column":15},"end":{"line":52,"column":1}}},"1":{"name":"(anonymous_1)","decl":{"start":{"line":18,"column":26},"end":{"line":18,"column":null}},"loc":{"start":{"line":21,"column":6},"end":{"line":25,"column":3}}},"2":{"name":"(anonymous_2)","decl":{"start":{"line":27,"column":26},"end":{"line":27,"column":29}},"loc":{"start":{"line":27,"column":31},"end":{"line":29,"column":3}}},"3":{"name":"(anonymous_3)","decl":{"start":{"line":40,"column":29},"end":{"line":40,"column":30}},"loc":{"start":{"line":41,"column":14},"end":{"line":41,"column":null}}}},"branchMap":{"0":{"loc":{"start":{"line":23,"column":15},"end":{"line":23,"column":68}},"type":"binary-expr","locations":[{"start":{"line":23,"column":15},"end":{"line":23,"column":62}},{"start":{"line":23,"column":66},"end":{"line":23,"column":68}}]},"1":{"loc":{"start":{"line":33,"column":7},"end":{"line":47,"column":null}},"type":"binary-expr","locations":[{"start":{"line":33,"column":7},"end":{"line":33,"column":29}},{"start":{"line":34,"column":8},"end":{"line":46,"column":null}}]},"2":{"loc":{"start":{"line":49,"column":7},"end":{"line":49,"column":77}},"type":"binary-expr","locations":[{"start":{"line":49,"column":7},"end":{"line":49,"column":20}},{"start":{"line":49,"column":24},"end":{"line":49,"column":77}}]}},"s":{"0":1,"1":1,"2":1,"3":4,"4":4,"5":1,"6":1,"7":1,"8":4,"9":1,"10":4,"11":6},"f":{"0":4,"1":1,"2":1,"3":6},"b":{"0":[1,0],"1":[4,3],"2":[4,4]}}
,"C:\\Users\\Dzmitry_Yarash\\WebstormProjects\\rs-react-app\\src\\components\\Search\\Search.tsx": {"path":"C:\\Users\\Dzmitry_Yarash\\WebstormProjects\\rs-react-app\\src\\components\\Search\\Search.tsx","statementMap":{"0":{"start":{"line":11,"column":0},"end":{"line":11,"column":16}},"1":{"start":{"line":1,"column":0},"end":{"line":1,"column":42}},"2":{"start":{"line":3,"column":0},"end":{"line":3,"column":62}},"3":{"start":{"line":4,"column":0},"end":{"line":4,"column":47}},"4":{"start":{"line":5,"column":0},"end":{"line":5,"column":63}},"5":{"start":{"line":12,"column":19},"end":{"line":12,"column":32}},"6":{"start":{"line":13,"column":22},"end":{"line":13,"column":59}},"7":{"start":{"line":15,"column":4},"end":{"line":15,"column":37}},"8":{"start":{"line":17,"column":2},"end":{"line":23,"column":34}},"9":{"start":{"line":18,"column":24},"end":{"line":18,"column":41}},"10":{"start":{"line":19,"column":4},"end":{"line":19,"column":18}},"11":{"start":{"line":20,"column":4},"end":{"line":22,"column":5}},"12":{"start":{"line":21,"column":6},"end":{"line":21,"column":46}},"13":{"start":{"line":25,"column":23},"end":{"line":30,"column":3}},"14":{"start":{"line":26,"column":4},"end":{"line":26,"column":27}},"15":{"start":{"line":27,"column":24},"end":{"line":27,"column":64}},"16":{"start":{"line":28,"column":4},"end":{"line":28,"column":48}},"17":{"start":{"line":29,"column":4},"end":{"line":29,"column":32}},"18":{"start":{"line":32,"column":2},"end":{"line":44,"column":4}}},"fnMap":{"0":{"name":"Search","decl":{"start":{"line":11,"column":16},"end":{"line":11,"column":22}},"loc":{"start":{"line":11,"column":52},"end":{"line":45,"column":1}}},"1":{"name":"(anonymous_1)","decl":{"start":{"line":17,"column":12},"end":{"line":17,"column":15}},"loc":{"start":{"line":17,"column":17},"end":{"line":23,"column":3}}},"2":{"name":"(anonymous_2)","decl":{"start":{"line":25,"column":23},"end":{"line":25,"column":24}},"loc":{"start":{"line":25,"column":61},"end":{"line":30,"column":3}}}},"branchMap":{"0":{"loc":{"start":{"line":20,"column":4},"end":{"line":22,"column":5}},"type":"if","locations":[{"start":{"line":20,"column":4},"end":{"line":22,"column":5}}]},"1":{"loc":{"start":{"line":20,"column":8},"end":{"line":20,"column":42}},"type":"binary-expr","locations":[{"start":{"line":20,"column":8},"end":{"line":20,"column":19}},{"start":{"line":20,"column":23},"end":{"line":20,"column":42}}]},"2":{"loc":{"start":{"line":27,"column":24},"end":{"line":27,"column":64}},"type":"binary-expr","locations":[{"start":{"line":27,"column":24},"end":{"line":27,"column":58}},{"start":{"line":27,"column":62},"end":{"line":27,"column":64}}]},"3":{"loc":{"start":{"line":28,"column":20},"end":{"line":28,"column":46}},"type":"binary-expr","locations":[{"start":{"line":28,"column":20},"end":{"line":28,"column":31}},{"start":{"line":28,"column":35},"end":{"line":28,"column":46}}]},"4":{"loc":{"start":{"line":29,"column":13},"end":{"line":29,"column":30}},"type":"binary-expr","locations":[{"start":{"line":29,"column":13},"end":{"line":29,"column":24}},{"start":{"line":29,"column":28},"end":{"line":29,"column":30}}]}},"s":{"0":1,"1":1,"2":1,"3":1,"4":1,"5":1,"6":1,"7":1,"8":1,"9":1,"10":1,"11":1,"12":0,"13":1,"14":1,"15":1,"16":1,"17":1,"18":1},"f":{"0":1,"1":1,"2":1},"b":{"0":[0],"1":[1,0],"2":[1,0],"3":[1,1],"4":[1,0]}}
,"C:\\Users\\Dzmitry_Yarash\\WebstormProjects\\rs-react-app\\src\\components\\SearchApp\\SearchApp.tsx": {"path":"C:\\Users\\Dzmitry_Yarash\\WebstormProjects\\rs-react-app\\src\\components\\SearchApp\\SearchApp.tsx","statementMap":{"0":{"start":{"line":1,"column":0},"end":{"line":1,"column":44}},"1":{"start":{"line":2,"column":0},"end":{"line":2,"column":42}},"2":{"start":{"line":3,"column":0},"end":{"line":3,"column":45}},"3":{"start":{"line":5,"column":0},"end":{"line":5,"column":62}},"4":{"start":{"line":6,"column":0},"end":{"line":6,"column":42}},"5":{"start":{"line":7,"column":0},"end":{"line":7,"column":63}},"6":{"start":{"line":8,"column":0},"end":{"line":8,"column":56}},"7":{"start":{"line":9,"column":0},"end":{"line":9,"column":51}},"8":{"start":{"line":10,"column":0},"end":{"line":10,"column":57}},"9":{"start":{"line":11,"column":0},"end":{"line":11,"column":52}},"10":{"start":{"line":12,"column":0},"end":{"line":12,"column":48}},"11":{"start":{"line":14,"column":25},"end":{"line":76,"column":1}},"12":{"start":{"line":15,"column":38},"end":{"line":15,"column":71}},"13":{"start":{"line":16,"column":20},"end":{"line":16,"column":30}},"14":{"start":{"line":17,"column":25},"end":{"line":17,"column":42}},"15":{"start":{"line":18,"column":40},"end":{"line":19,"column":null}},"16":{"start":{"line":23,"column":4},"end":{"line":23,"column":37}},"17":{"start":{"line":24,"column":37},"end":{"line":28,"column":4}},"18":{"start":{"line":30,"column":2},"end":{"line":34,"column":13}},"19":{"start":{"line":31,"column":4},"end":{"line":33,"column":5}},"20":{"start":{"line":32,"column":6},"end":{"line":32,"column":34}},"21":{"start":{"line":36,"column":23},"end":{"line":39,"column":3}},"22":{"start":{"line":37,"column":4},"end":{"line":37,"column":36}},"23":{"start":{"line":38,"column":4},"end":{"line":38,"column":32}},"24":{"start":{"line":41,"column":27},"end":{"line":43,"column":3}},"25":{"start":{"line":42,"column":4},"end":{"line":42,"column":25}},"26":{"start":{"line":45,"column":30},"end":{"line":45,"column":65}},"27":{"start":{"line":47,"column":2},"end":{"line":75,"column":4}},"28":{"start":{"line":71,"column":30},"end":{"line":71,"column":63}},"29":{"start":{"line":72,"column":26},"end":{"line":72,"column":59}},"30":{"start":{"line":14,"column":13},"end":{"line":14,"column":25}}},"fnMap":{"0":{"name":"(anonymous_0)","decl":{"start":{"line":14,"column":25},"end":{"line":14,"column":28}},"loc":{"start":{"line":14,"column":30},"end":{"line":76,"column":1}}},"1":{"name":"(anonymous_1)","decl":{"start":{"line":30,"column":12},"end":{"line":30,"column":15}},"loc":{"start":{"line":30,"column":17},"end":{"line":34,"column":3}}},"2":{"name":"(anonymous_2)","decl":{"start":{"line":36,"column":23},"end":{"line":36,"column":24}},"loc":{"start":{"line":36,"column":50},"end":{"line":39,"column":3}}},"3":{"name":"(anonymous_3)","decl":{"start":{"line":41,"column":27},"end":{"line":41,"column":28}},"loc":{"start":{"line":41,"column":44},"end":{"line":43,"column":3}}},"4":{"name":"(anonymous_4)","decl":{"start":{"line":71,"column":24},"end":{"line":71,"column":27}},"loc":{"start":{"line":71,"column":30},"end":{"line":71,"column":63}}},"5":{"name":"(anonymous_5)","decl":{"start":{"line":72,"column":20},"end":{"line":72,"column":23}},"loc":{"start":{"line":72,"column":26},"end":{"line":72,"column":59}}}},"branchMap":{"0":{"loc":{"start":{"line":19,"column":4},"end":{"line":19,"column":41}},"type":"binary-expr","locations":[{"start":{"line":19,"column":4},"end":{"line":19,"column":36}},{"start":{"line":19,"column":40},"end":{"line":19,"column":41}}]},"1":{"loc":{"start":{"line":26,"column":12},"end":{"line":26,"column":35}},"type":"binary-expr","locations":[{"start":{"line":26,"column":12},"end":{"line":26,"column":29}},{"start":{"line":26,"column":33},"end":{"line":26,"column":35}}]},"2":{"loc":{"start":{"line":31,"column":4},"end":{"line":33,"column":5}},"type":"if","locations":[{"start":{"line":31,"column":4},"end":{"line":33,"column":5}}]},"3":{"loc":{"start":{"line":45,"column":30},"end":{"line":45,"column":65}},"type":"binary-expr","locations":[{"start":{"line":45,"column":30},"end":{"line":45,"column":40}},{"start":{"line":45,"column":44},"end":{"line":45,"column":65}}]},"4":{"loc":{"start":{"line":52,"column":36},"end":{"line":52,"column":79}},"type":"cond-expr","locations":[{"start":{"line":52,"column":63},"end":{"line":52,"column":69}},{"start":{"line":52,"column":72},"end":{"line":52,"column":79}}]},"5":{"loc":{"start":{"line":59,"column":7},"end":{"line":59,"column":30}},"type":"binary-expr","locations":[{"start":{"line":59,"column":7},"end":{"line":59,"column":16}},{"start":{"line":59,"column":20},"end":{"line":59,"column":30}}]},"6":{"loc":{"start":{"line":60,"column":7},"end":{"line":65,"column":null}},"type":"binary-expr","locations":[{"start":{"line":60,"column":7},"end":{"line":60,"column":17}},{"start":{"line":61,"column":8},"end":{"line":64,"column":null}}]},"7":{"loc":{"start":{"line":62,"column":22},"end":{"line":62,"column":38}},"type":"binary-expr","locations":[{"start":{"line":62,"column":22},"end":{"line":62,"column":32}},{"start":{"line":62,"column":36},"end":{"line":62,"column":38}}]},"8":{"loc":{"start":{"line":63,"column":23},"end":{"line":63,"column":46}},"type":"binary-expr","locations":[{"start":{"line":63,"column":23},"end":{"line":63,"column":40}},{"start":{"line":63,"column":44},"end":{"line":63,"column":46}}]},"9":{"loc":{"start":{"line":64,"column":24},"end":{"line":64,"column":75}},"type":"cond-expr","locations":[{"start":{"line":64,"column":49},"end":{"line":64,"column":62}},{"start":{"line":64,"column":65},"end":{"line":64,"column":75}}]}},"s":{"0":0,"1":0,"2":0,"3":0,"4":0,"5":0,"6":0,"7":0,"8":0,"9":0,"10":0,"11":0,"12":0,"13":0,"14":0,"15":0,"16":0,"17":0,"18":0,"19":0,"20":0,"21":0,"22":0,"23":0,"24":0,"25":0,"26":0,"27":0,"28":0,"29":0,"30":0},"f":{"0":0,"1":0,"2":0,"3":0,"4":0,"5":0},"b":{"0":[0,0],"1":[0,0],"2":[0],"3":[0,0],"4":[0,0],"5":[0,0],"6":[0,0],"7":[0,0],"8":[0,0],"9":[0,0]}}
,"C:\\Users\\Dzmitry_Yarash\\WebstormProjects\\rs-react-app\\src\\components\\ThemeSwitcher\\ThemeSwitcher.tsx": {"path":"C:\\Users\\Dzmitry_Yarash\\WebstormProjects\\rs-react-app\\src\\components\\ThemeSwitcher\\ThemeSwitcher.tsx","statementMap":{"0":{"start":{"line":1,"column":0},"end":{"line":1,"column":48}},"1":{"start":{"line":2,"column":0},"end":{"line":2,"column":52}},"2":{"start":{"line":4,"column":29},"end":{"line":37,"column":1}},"3":{"start":{"line":5,"column":33},"end":{"line":5,"column":43}},"4":{"start":{"line":7,"column":2},"end":{"line":36,"column":4}},"5":{"start":{"line":4,"column":13},"end":{"line":4,"column":29}}},"fnMap":{"0":{"name":"(anonymous_0)","decl":{"start":{"line":4,"column":29},"end":{"line":4,"column":32}},"loc":{"start":{"line":4,"column":34},"end":{"line":37,"column":1}}}},"branchMap":{"0":{"loc":{"start":{"line":10,"column":47},"end":{"line":10,"column":90}},"type":"cond-expr","locations":[{"start":{"line":10,"column":74},"end":{"line":10,"column":80}},{"start":{"line":10,"column":83},"end":{"line":10,"column":90}}]}},"s":{"0":2,"1":2,"2":2,"3":4,"4":4,"5":2},"f":{"0":4},"b":{"0":[3,1]}}
,"C:\\Users\\Dzmitry_Yarash\\WebstormProjects\\rs-react-app\\src\\components\\ThrowErrorButton\\ThrowErrorButton.tsx": {"path":"C:\\Users\\Dzmitry_Yarash\\WebstormProjects\\rs-react-app\\src\\components\\ThrowErrorButton\\ThrowErrorButton.tsx","statementMap":{"0":{"start":{"line":3,"column":0},"end":{"line":3,"column":16}},"1":{"start":{"line":1,"column":0},"end":{"line":1,"column":33}},"2":{"start":{"line":4,"column":30},"end":{"line":4,"column":45}},"3":{"start":{"line":6,"column":22},"end":{"line":8,"column":3}},"4":{"start":{"line":7,"column":4},"end":{"line":7,"column":20}},"5":{"start":{"line":10,"column":2},"end":{"line":12,"column":3}},"6":{"start":{"line":11,"column":4},"end":{"line":11,"column":22}},"7":{"start":{"line":14,"column":2},"end":{"line":14,"column":62}}},"fnMap":{"0":{"name":"ThrowErrorButton","decl":{"start":{"line":3,"column":16},"end":{"line":3,"column":32}},"loc":{"start":{"line":3,"column":32},"end":{"line":15,"column":1}}},"1":{"name":"(anonymous_1)","decl":{"start":{"line":6,"column":22},"end":{"line":6,"column":25}},"loc":{"start":{"line":6,"column":27},"end":{"line":8,"column":3}}}},"branchMap":{"0":{"loc":{"start":{"line":10,"column":2},"end":{"line":12,"column":3}},"type":"if","locations":[{"start":{"line":10,"column":2},"end":{"line":12,"column":3}}]}},"s":{"0":1,"1":1,"2":7,"3":6,"4":1,"5":6,"6":4,"7":2},"f":{"0":7,"1":1},"b":{"0":[4]}}
,"C:\\Users\\Dzmitry_Yarash\\WebstormProjects\\rs-react-app\\src\\context\\ThemeContext.tsx": {"path":"C:\\Users\\Dzmitry_Yarash\\WebstormProjects\\rs-react-app\\src\\context\\ThemeContext.tsx","statementMap":{"0":{"start":{"line":5,"column":0},"end":{"line":5,"column":16}},"1":{"start":{"line":1,"column":0},"end":{"line":1,"column":44}},"2":{"start":{"line":2,"column":0},"end":{"line":2,"column":49}},"3":{"start":{"line":3,"column":0},"end":{"line":3,"column":49}},"4":{"start":{"line":6,"column":28},"end":{"line":6,"column":52}},"5":{"start":{"line":8,"column":22},"end":{"line":12,"column":3}},"6":{"start":{"line":9,"column":4},"end":{"line":11,"column":6}},"7":{"start":{"line":10,"column":6},"end":{"line":10,"column":64}},"8":{"start":{"line":14,"column":2},"end":{"line":18,"column":4}}},"fnMap":{"0":{"name":"ThemeProvider","decl":{"start":{"line":5,"column":16},"end":{"line":5,"column":29}},"loc":{"start":{"line":5,"column":67},"end":{"line":19,"column":1}}},"1":{"name":"(anonymous_1)","decl":{"start":{"line":8,"column":22},"end":{"line":8,"column":25}},"loc":{"start":{"line":8,"column":27},"end":{"line":12,"column":3}}},"2":{"name":"(anonymous_2)","decl":{"start":{"line":9,"column":13},"end":{"line":9,"column":14}},"loc":{"start":{"line":10,"column":6},"end":{"line":10,"column":64}}}},"branchMap":{"0":{"loc":{"start":{"line":10,"column":6},"end":{"line":10,"column":64}},"type":"cond-expr","locations":[{"start":{"line":10,"column":32},"end":{"line":10,"column":47}},{"start":{"line":10,"column":50},"end":{"line":10,"column":64}}]}},"s":{"0":2,"1":2,"2":2,"3":2,"4":10,"5":10,"6":3,"7":3,"8":10},"f":{"0":10,"1":3,"2":3},"b":{"0":[2,1]}}
,"C:\\Users\\Dzmitry_Yarash\\WebstormProjects\\rs-react-app\\src\\hooks\\useLocalStorage.tsx": {"path":"C:\\Users\\Dzmitry_Yarash\\WebstormProjects\\rs-react-app\\src\\hooks\\useLocalStorage.tsx","statementMap":{"0":{"start":{"line":1,"column":0},"end":{"line":1,"column":45}},"1":{"start":{"line":3,"column":31},"end":{"line":27,"column":1}},"2":{"start":{"line":4,"column":26},"end":{"line":14,"column":11}},"3":{"start":{"line":5,"column":25},"end":{"line":5,"column":50}},"4":{"start":{"line":6,"column":4},"end":{"line":12,"column":5}},"5":{"start":{"line":7,"column":6},"end":{"line":11,"column":7}},"6":{"start":{"line":8,"column":8},"end":{"line":8,"column":40}},"7":{"start":{"line":10,"column":8},"end":{"line":10,"column":52}},"8":{"start":{"line":13,"column":4},"end":{"line":13,"column":16}},"9":{"start":{"line":16,"column":26},"end":{"line":20,"column":null}},"10":{"start":{"line":18,"column":6},"end":{"line":18,"column":55}},"11":{"start":{"line":23,"column":2},"end":{"line":26,"column":4}},"12":{"start":{"line":24,"column":11},"end":{"line":24,"column":47}},"13":{"start":{"line":3,"column":13},"end":{"line":3,"column":31}}},"fnMap":{"0":{"name":"(anonymous_0)","decl":{"start":{"line":3,"column":31},"end":{"line":3,"column":32}},"loc":{"start":{"line":3,"column":47},"end":{"line":27,"column":1}}},"1":{"name":"(anonymous_1)","decl":{"start":{"line":4,"column":38},"end":{"line":4,"column":41}},"loc":{"start":{"line":4,"column":43},"end":{"line":14,"column":3}}},"2":{"name":"(anonymous_2)","decl":{"start":{"line":17,"column":4},"end":{"line":17,"column":5}},"loc":{"start":{"line":17,"column":22},"end":{"line":19,"column":5}}},"3":{"name":"(anonymous_3)","decl":{"start":{"line":24,"column":4},"end":{"line":24,"column":7}},"loc":{"start":{"line":24,"column":11},"end":{"line":24,"column":47}}}},"branchMap":{"0":{"loc":{"start":{"line":6,"column":4},"end":{"line":12,"column":5}},"type":"if","locations":[{"start":{"line":6,"column":4},"end":{"line":12,"column":5}}]}},"s":{"0":1,"1":1,"2":2,"3":1,"4":1,"5":1,"6":1,"7":0,"8":0,"9":2,"10":0,"11":2,"12":1,"13":1},"f":{"0":2,"1":1,"2":0,"3":1},"b":{"0":[1]}}
,"C:\\Users\\Dzmitry_Yarash\\WebstormProjects\\rs-react-app\\src\\hooks\\useTheme.tsx": {"path":"C:\\Users\\Dzmitry_Yarash\\WebstormProjects\\rs-react-app\\src\\hooks\\useTheme.tsx","statementMap":{"0":{"start":{"line":10,"column":0},"end":{"line":10,"column":16}},"1":{"start":{"line":1,"column":0},"end":{"line":1,"column":50}},"2":{"start":{"line":3,"column":0},"end":{"line":3,"column":49}},"3":{"start":{"line":5,"column":13},"end":{"line":8,"column":3}},"4":{"start":{"line":11,"column":18},"end":{"line":11,"column":42}},"5":{"start":{"line":12,"column":2},"end":{"line":14,"column":3}},"6":{"start":{"line":13,"column":4},"end":{"line":13,"column":68}},"7":{"start":{"line":15,"column":2},"end":{"line":15,"column":34}}},"fnMap":{"0":{"name":"(anonymous_0)","decl":{"start":{"line":7,"column":15},"end":{"line":7,"column":18}},"loc":{"start":{"line":7,"column":20},"end":{"line":7,"column":23}}},"1":{"name":"useTheme","decl":{"start":{"line":10,"column":16},"end":{"line":10,"column":24}},"loc":{"start":{"line":10,"column":24},"end":{"line":16,"column":1}}}},"branchMap":{"0":{"loc":{"start":{"line":12,"column":2},"end":{"line":14,"column":3}},"type":"if","locations":[{"start":{"line":12,"column":2},"end":{"line":14,"column":3}}]}},"s":{"0":9,"1":9,"2":9,"3":9,"4":12,"5":12,"6":0,"7":12},"f":{"0":0,"1":12},"b":{"0":[0]}}
,"C:\\Users\\Dzmitry_Yarash\\WebstormProjects\\rs-react-app\\src\\store\\test-utils.tsx": {"path":"C:\\Users\\Dzmitry_Yarash\\WebstormProjects\\rs-react-app\\src\\store\\test-utils.tsx","statementMap":{"0":{"start":{"line":14,"column":0},"end":{"line":14,"column":16}},"1":{"start":{"line":1,"column":0},"end":{"line":1,"column":39}},"2":{"start":{"line":2,"column":0},"end":{"line":2,"column":65}},"3":{"start":{"line":3,"column":0},"end":{"line":3,"column":61}},"4":{"start":{"line":4,"column":0},"end":{"line":4,"column":68}},"5":{"start":{"line":5,"column":0},"end":{"line":5,"column":43}},"6":{"start":{"line":6,"column":0},"end":{"line":6,"column":37}},"7":{"start":{"line":30,"column":4},"end":{"line":30,"column":57}},"8":{"start":{"line":32,"column":2},"end":{"line":32,"column":63}}},"fnMap":{"0":{"name":"render","decl":{"start":{"line":14,"column":16},"end":{"line":14,"column":22}},"loc":{"start":{"line":27,"column":32},"end":{"line":33,"column":1}}},"1":{"name":"Wrapper","decl":{"start":{"line":29,"column":11},"end":{"line":29,"column":18}},"loc":{"start":{"line":29,"column":64},"end":{"line":31,"column":3}}}},"branchMap":{"0":{"loc":{"start":{"line":16,"column":2},"end":{"line":27,"column":32}},"type":"default-arg","locations":[{"start":{"line":27,"column":30},"end":{"line":27,"column":32}}]},"1":{"loc":{"start":{"line":18,"column":4},"end":{"line":25,"column":6}},"type":"default-arg","locations":[{"start":{"line":18,"column":12},"end":{"line":25,"column":6}}]}},"s":{"0":1,"1":1,"2":1,"3":1,"4":1,"5":1,"6":1,"7":4,"8":4},"f":{"0":4,"1":4},"b":{"0":[4],"1":[4]}}
}
