{"C:\\Users\\Dzmitry_Yarash\\WebstormProjects\\rs-react-app\\src\\main.tsx": {"path":"C:\\Users\\Dzmitry_Yarash\\WebstormProjects\\rs-react-app\\src\\main.tsx","statementMap":{"0":{"start":{"line":1,"column":0},"end":{"line":1,"column":35}},"1":{"start":{"line":2,"column":0},"end":{"line":2,"column":46}},"2":{"start":{"line":3,"column":0},"end":{"line":3,"column":21}},"3":{"start":{"line":4,"column":0},"end":{"line":4,"column":43}},"4":{"start":{"line":6,"column":20},"end":{"line":6,"column":51}},"5":{"start":{"line":7,"column":0},"end":{"line":15,"column":1}},"6":{"start":{"line":8,"column":2},"end":{"line":12,"column":4}},"7":{"start":{"line":14,"column":2},"end":{"line":14,"column":51}}},"fnMap":{},"branchMap":{"0":{"loc":{"start":{"line":7,"column":0},"end":{"line":15,"column":1}},"type":"if","locations":[{"start":{"line":7,"column":0},"end":{"line":15,"column":1}},{"start":{"line":13,"column":7},"end":{"line":15,"column":1}}]}},"s":{"0":0,"1":0,"2":0,"3":0,"4":0,"5":0,"6":0,"7":0},"f":{},"b":{"0":[0,0]}}
,"C:\\Users\\Dzmitry_Yarash\\WebstormProjects\\rs-react-app\\src\\components\\App\\App.tsx": {"path":"C:\\Users\\Dzmitry_Yarash\\WebstormProjects\\rs-react-app\\src\\components\\App\\App.tsx","statementMap":{"0":{"start":{"line":1,"column":0},"end":{"line":1,"column":19}},"1":{"start":{"line":2,"column":0},"end":{"line":2,"column":71}},"2":{"start":{"line":3,"column":0},"end":{"line":3,"column":51}},"3":{"start":{"line":4,"column":0},"end":{"line":4,"column":63}},"4":{"start":{"line":5,"column":0},"end":{"line":5,"column":60}},"5":{"start":{"line":6,"column":0},"end":{"line":6,"column":45}},"6":{"start":{"line":8,"column":15},"end":{"line":23,"column":2}},"7":{"start":{"line":25,"column":19},"end":{"line":31,"column":1}},"8":{"start":{"line":26,"column":2},"end":{"line":30,"column":4}},"9":{"start":{"line":25,"column":13},"end":{"line":25,"column":19}}},"fnMap":{"0":{"name":"(anonymous_0)","decl":{"start":{"line":25,"column":19},"end":{"line":25,"column":22}},"loc":{"start":{"line":25,"column":24},"end":{"line":31,"column":1}}}},"branchMap":{},"s":{"0":0,"1":0,"2":0,"3":0,"4":0,"5":0,"6":0,"7":0,"8":0,"9":0},"f":{"0":0},"b":{}}
,"C:\\Users\\Dzmitry_Yarash\\WebstormProjects\\rs-react-app\\src\\components\\Card\\Card.tsx": {"path":"C:\\Users\\Dzmitry_Yarash\\WebstormProjects\\rs-react-app\\src\\components\\Card\\Card.tsx","statementMap":{"0":{"start":{"line":11,"column":20},"end":{"line":17,"column":1}},"1":{"start":{"line":12,"column":2},"end":{"line":16,"column":4}},"2":{"start":{"line":13,"column":32},"end":{"line":13,"column":57}},"3":{"start":{"line":11,"column":13},"end":{"line":11,"column":20}}},"fnMap":{"0":{"name":"(anonymous_0)","decl":{"start":{"line":11,"column":20},"end":{"line":11,"column":21}},"loc":{"start":{"line":11,"column":58},"end":{"line":17,"column":1}}},"1":{"name":"(anonymous_1)","decl":{"start":{"line":13,"column":21},"end":{"line":13,"column":22}},"loc":{"start":{"line":13,"column":32},"end":{"line":13,"column":57}}}},"branchMap":{},"s":{"0":3,"1":6,"2":2,"3":3},"f":{"0":6,"1":2},"b":{}}
,"C:\\Users\\Dzmitry_Yarash\\WebstormProjects\\rs-react-app\\src\\components\\Details\\Details.tsx": {"path":"C:\\Users\\Dzmitry_Yarash\\WebstormProjects\\rs-react-app\\src\\components\\Details\\Details.tsx","statementMap":{"0":{"start":{"line":2,"column":0},"end":{"line":2,"column":58}},"1":{"start":{"line":3,"column":0},"end":{"line":3,"column":57}},"2":{"start":{"line":4,"column":0},"end":{"line":4,"column":59}},"3":{"start":{"line":5,"column":0},"end":{"line":5,"column":42}},"4":{"start":{"line":7,"column":23},"end":{"line":53,"column":1}},"5":{"start":{"line":8,"column":19},"end":{"line":8,"column":32}},"6":{"start":{"line":9,"column":52},"end":{"line":10,"column":null}},"7":{"start":{"line":12,"column":32},"end":{"line":12,"column":47}},"8":{"start":{"line":13,"column":52},"end":{"line":13,"column":64}},"9":{"start":{"line":15,"column":21},"end":{"line":15,"column":32}},"10":{"start":{"line":16,"column":19},"end":{"line":28,"column":8}},"11":{"start":{"line":17,"column":4},"end":{"line":17,"column":21}},"12":{"start":{"line":19,"column":4},"end":{"line":27,"column":5}},"13":{"start":{"line":20,"column":24},"end":{"line":20,"column":75}},"14":{"start":{"line":21,"column":6},"end":{"line":21,"column":38}},"15":{"start":{"line":22,"column":6},"end":{"line":22,"column":24}},"16":{"start":{"line":24,"column":22},"end":{"line":24,"column":73}},"17":{"start":{"line":25,"column":6},"end":{"line":25,"column":36}},"18":{"start":{"line":26,"column":6},"end":{"line":26,"column":24}},"19":{"start":{"line":30,"column":2},"end":{"line":32,"column":25}},"20":{"start":{"line":31,"column":4},"end":{"line":31,"column":27}},"21":{"start":{"line":34,"column":26},"end":{"line":36,"column":3}},"22":{"start":{"line":35,"column":4},"end":{"line":35,"column":18}},"23":{"start":{"line":38,"column":2},"end":{"line":52,"column":4}},"24":{"start":{"line":7,"column":13},"end":{"line":7,"column":23}}},"fnMap":{"0":{"name":"(anonymous_0)","decl":{"start":{"line":7,"column":23},"end":{"line":7,"column":26}},"loc":{"start":{"line":7,"column":28},"end":{"line":53,"column":1}}},"1":{"name":"(anonymous_1)","decl":{"start":{"line":16,"column":31},"end":{"line":16,"column":36}},"loc":{"start":{"line":16,"column":56},"end":{"line":28,"column":3}}},"2":{"name":"(anonymous_2)","decl":{"start":{"line":30,"column":12},"end":{"line":30,"column":15}},"loc":{"start":{"line":30,"column":17},"end":{"line":32,"column":3}}},"3":{"name":"(anonymous_3)","decl":{"start":{"line":34,"column":26},"end":{"line":34,"column":29}},"loc":{"start":{"line":34,"column":31},"end":{"line":36,"column":3}}}},"branchMap":{"0":{"loc":{"start":{"line":20,"column":24},"end":{"line":20,"column":75}},"type":"binary-expr","locations":[{"start":{"line":20,"column":25},"end":{"line":20,"column":66}},{"start":{"line":20,"column":71},"end":{"line":20,"column":75}}]},"1":{"loc":{"start":{"line":24,"column":22},"end":{"line":24,"column":73}},"type":"cond-expr","locations":[{"start":{"line":24,"column":47},"end":{"line":24,"column":60}},{"start":{"line":24,"column":63},"end":{"line":24,"column":73}}]},"2":{"loc":{"start":{"line":31,"column":13},"end":{"line":31,"column":25}},"type":"binary-expr","locations":[{"start":{"line":31,"column":13},"end":{"line":31,"column":19}},{"start":{"line":31,"column":23},"end":{"line":31,"column":25}}]},"3":{"loc":{"start":{"line":38,"column":9},"end":{"line":51,"column":null}},"type":"cond-expr","locations":[{"start":{"line":39,"column":4},"end":{"line":39,"column":14}},{"start":{"line":41,"column":4},"end":{"line":51,"column":36}}]},"4":{"loc":{"start":{"line":41,"column":4},"end":{"line":51,"column":36}},"type":"binary-expr","locations":[{"start":{"line":41,"column":5},"end":{"line":41,"column":22}},{"start":{"line":42,"column":6},"end":{"line":49,"column":null}},{"start":{"line":51,"column":10},"end":{"line":51,"column":36}}]}},"s":{"0":1,"1":1,"2":1,"3":1,"4":1,"5":8,"6":8,"7":8,"8":8,"9":8,"10":8,"11":3,"12":3,"13":3,"14":1,"15":1,"16":1,"17":1,"18":1,"19":8,"20":3,"21":8,"22":0,"23":8,"24":1},"f":{"0":8,"1":3,"2":3,"3":0},"b":{"0":[3,0],"1":[1,0],"2":[3,0],"3":[3,5],"4":[5,1,4]}}
,"C:\\Users\\Dzmitry_Yarash\\WebstormProjects\\rs-react-app\\src\\components\\ErrorBoundary\\ErrorBoundary.tsx": {"path":"C:\\Users\\Dzmitry_Yarash\\WebstormProjects\\rs-react-app\\src\\components\\ErrorBoundary\\ErrorBoundary.tsx","statementMap":{"0":{"start":{"line":1,"column":0},"end":{"line":1,"column":26}},"1":{"start":{"line":13,"column":30},"end":{"line":16,"column":4}},"2":{"start":{"line":19,"column":4},"end":{"line":19,"column":37}},"3":{"start":{"line":23,"column":4},"end":{"line":23,"column":69}},"4":{"start":{"line":27,"column":4},"end":{"line":29,"column":5}},"5":{"start":{"line":28,"column":6},"end":{"line":28,"column":44}},"6":{"start":{"line":31,"column":4},"end":{"line":31,"column":31}},"7":{"start":{"line":9,"column":0},"end":{"line":9,"column":13}}},"fnMap":{"0":{"name":"(anonymous_1)","decl":{"start":{"line":18,"column":2},"end":{"line":18,"column":8}},"loc":{"start":{"line":18,"column":46},"end":{"line":20,"column":3}}},"1":{"name":"(anonymous_2)","decl":{"start":{"line":22,"column":2},"end":{"line":22,"column":19}},"loc":{"start":{"line":22,"column":60},"end":{"line":24,"column":3}}},"2":{"name":"(anonymous_3)","decl":{"start":{"line":26,"column":2},"end":{"line":26,"column":8}},"loc":{"start":{"line":26,"column":8},"end":{"line":32,"column":3}}}},"branchMap":{"0":{"loc":{"start":{"line":27,"column":4},"end":{"line":29,"column":5}},"type":"if","locations":[{"start":{"line":27,"column":4},"end":{"line":29,"column":5}}]}},"s":{"0":1,"1":3,"2":2,"3":1,"4":5,"5":2,"6":3,"7":1},"f":{"0":2,"1":1,"2":5},"b":{"0":[2]}}
,"C:\\Users\\Dzmitry_Yarash\\WebstormProjects\\rs-react-app\\src\\components\\FooterActions\\FooterActions.tsx": {"path":"C:\\Users\\Dzmitry_Yarash\\WebstormProjects\\rs-react-app\\src\\components\\FooterActions\\FooterActions.tsx","statementMap":{"0":{"start":{"line":2,"column":0},"end":{"line":2,"column":72}},"1":{"start":{"line":3,"column":0},"end":{"line":3,"column":54}},"2":{"start":{"line":12,"column":53},"end":{"line":30,"column":1}},"3":{"start":{"line":18,"column":2},"end":{"line":29,"column":4}},"4":{"start":{"line":23,"column":32},"end":{"line":23,"column":63}},"5":{"start":{"line":24,"column":28},"end":{"line":24,"column":55}},"6":{"start":{"line":12,"column":13},"end":{"line":12,"column":53}}},"fnMap":{"0":{"name":"(anonymous_0)","decl":{"start":{"line":12,"column":53},"end":{"line":12,"column":54}},"loc":{"start":{"line":17,"column":5},"end":{"line":30,"column":1}}},"1":{"name":"(anonymous_1)","decl":{"start":{"line":23,"column":26},"end":{"line":23,"column":29}},"loc":{"start":{"line":23,"column":32},"end":{"line":23,"column":63}}},"2":{"name":"(anonymous_2)","decl":{"start":{"line":24,"column":22},"end":{"line":24,"column":25}},"loc":{"start":{"line":24,"column":28},"end":{"line":24,"column":55}}}},"branchMap":{"0":{"loc":{"start":{"line":20,"column":7},"end":{"line":25,"column":null}},"type":"binary-expr","locations":[{"start":{"line":20,"column":7},"end":{"line":20,"column":26}},{"start":{"line":21,"column":8},"end":{"line":24,"column":null}}]}},"s":{"0":2,"1":2,"2":2,"3":4,"4":0,"5":0,"6":2},"f":{"0":4,"1":0,"2":0},"b":{"0":[4,0]}}
,"C:\\Users\\Dzmitry_Yarash\\WebstormProjects\\rs-react-app\\src\\components\\Loader\\Loader.tsx": {"path":"C:\\Users\\Dzmitry_Yarash\\WebstormProjects\\rs-react-app\\src\\components\\Loader\\Loader.tsx","statementMap":{"0":{"start":{"line":1,"column":22},"end":{"line":3,"column":1}},"1":{"start":{"line":2,"column":2},"end":{"line":2,"column":27}},"2":{"start":{"line":1,"column":13},"end":{"line":1,"column":22}}},"fnMap":{"0":{"name":"(anonymous_0)","decl":{"start":{"line":1,"column":22},"end":{"line":1,"column":25}},"loc":{"start":{"line":1,"column":27},"end":{"line":3,"column":1}}}},"branchMap":{},"s":{"0":3,"1":5,"2":3},"f":{"0":5},"b":{}}
,"C:\\Users\\Dzmitry_Yarash\\WebstormProjects\\rs-react-app\\src\\components\\NotFoundPage\\NotFoundPage.tsx": {"path":"C:\\Users\\Dzmitry_Yarash\\WebstormProjects\\rs-react-app\\src\\components\\NotFoundPage\\NotFoundPage.tsx","statementMap":{"0":{"start":{"line":1,"column":28},"end":{"line":3,"column":1}},"1":{"start":{"line":2,"column":2},"end":{"line":2,"column":35}},"2":{"start":{"line":1,"column":13},"end":{"line":1,"column":28}}},"fnMap":{"0":{"name":"(anonymous_0)","decl":{"start":{"line":1,"column":28},"end":{"line":1,"column":31}},"loc":{"start":{"line":1,"column":33},"end":{"line":3,"column":1}}}},"branchMap":{},"s":{"0":1,"1":1,"2":1},"f":{"0":1},"b":{}}
,"C:\\Users\\Dzmitry_Yarash\\WebstormProjects\\rs-react-app\\src\\components\\Pagination\\Pagination.tsx": {"path":"C:\\Users\\Dzmitry_Yarash\\WebstormProjects\\rs-react-app\\src\\components\\Pagination\\Pagination.tsx","statementMap":{"0":{"start":{"line":1,"column":0},"end":{"line":1,"column":51}},"1":{"start":{"line":2,"column":0},"end":{"line":2,"column":34}},"2":{"start":{"line":10,"column":26},"end":{"line":37,"column":1}},"3":{"start":{"line":15,"column":42},"end":{"line":15,"column":59}},"4":{"start":{"line":17,"column":2},"end":{"line":24,"column":51}},"5":{"start":{"line":18,"column":4},"end":{"line":23,"column":5}},"6":{"start":{"line":19,"column":6},"end":{"line":22,"column":9}},"7":{"start":{"line":26,"column":2},"end":{"line":36,"column":4}},"8":{"start":{"line":10,"column":13},"end":{"line":10,"column":26}}},"fnMap":{"0":{"name":"(anonymous_0)","decl":{"start":{"line":10,"column":26},"end":{"line":10,"column":27}},"loc":{"start":{"line":14,"column":22},"end":{"line":37,"column":1}}},"1":{"name":"(anonymous_1)","decl":{"start":{"line":17,"column":12},"end":{"line":17,"column":15}},"loc":{"start":{"line":17,"column":17},"end":{"line":24,"column":3}}}},"branchMap":{"0":{"loc":{"start":{"line":18,"column":4},"end":{"line":23,"column":5}},"type":"if","locations":[{"start":{"line":18,"column":4},"end":{"line":23,"column":5}}]}},"s":{"0":2,"1":2,"2":2,"3":4,"4":4,"5":4,"6":4,"7":4,"8":2},"f":{"0":4,"1":4},"b":{"0":[4]}}
,"C:\\Users\\Dzmitry_Yarash\\WebstormProjects\\rs-react-app\\src\\components\\Results\\Results.tsx": {"path":"C:\\Users\\Dzmitry_Yarash\\WebstormProjects\\rs-react-app\\src\\components\\Results\\Results.tsx","statementMap":{"0":{"start":{"line":2,"column":0},"end":{"line":2,"column":55}},"1":{"start":{"line":5,"column":0},"end":{"line":5,"column":36}},"2":{"start":{"line":7,"column":41},"end":{"line":41,"column":1}},"3":{"start":{"line":12,"column":19},"end":{"line":12,"column":32}},"4":{"start":{"line":14,"column":26},"end":{"line":21,"column":3}},"5":{"start":{"line":18,"column":4},"end":{"line":18,"column":28}},"6":{"start":{"line":19,"column":15},"end":{"line":19,"column":68}},"7":{"start":{"line":20,"column":4},"end":{"line":20,"column":31}},"8":{"start":{"line":23,"column":26},"end":{"line":25,"column":3}},"9":{"start":{"line":24,"column":4},"end":{"line":24,"column":18}},"10":{"start":{"line":27,"column":2},"end":{"line":40,"column":4}},"11":{"start":{"line":31,"column":10},"end":{"line":31,"column":null}},"12":{"start":{"line":7,"column":13},"end":{"line":7,"column":41}}},"fnMap":{"0":{"name":"(anonymous_0)","decl":{"start":{"line":7,"column":41},"end":{"line":7,"column":42}},"loc":{"start":{"line":11,"column":5},"end":{"line":41,"column":1}}},"1":{"name":"(anonymous_1)","decl":{"start":{"line":14,"column":26},"end":{"line":14,"column":null}},"loc":{"start":{"line":17,"column":6},"end":{"line":21,"column":3}}},"2":{"name":"(anonymous_2)","decl":{"start":{"line":23,"column":26},"end":{"line":23,"column":29}},"loc":{"start":{"line":23,"column":31},"end":{"line":25,"column":3}}},"3":{"name":"(anonymous_3)","decl":{"start":{"line":30,"column":25},"end":{"line":30,"column":26}},"loc":{"start":{"line":31,"column":10},"end":{"line":31,"column":null}}}},"branchMap":{"0":{"loc":{"start":{"line":19,"column":15},"end":{"line":19,"column":68}},"type":"binary-expr","locations":[{"start":{"line":19,"column":15},"end":{"line":19,"column":62}},{"start":{"line":19,"column":66},"end":{"line":19,"column":68}}]},"1":{"loc":{"start":{"line":27,"column":9},"end":{"line":39,"column":null}},"type":"cond-expr","locations":[{"start":{"line":28,"column":4},"end":{"line":36,"column":null}},{"start":{"line":39,"column":4},"end":{"line":39,"column":74}}]},"2":{"loc":{"start":{"line":27,"column":9},"end":{"line":27,"column":44}},"type":"binary-expr","locations":[{"start":{"line":27,"column":9},"end":{"line":27,"column":19}},{"start":{"line":27,"column":23},"end":{"line":27,"column":44}}]},"3":{"loc":{"start":{"line":39,"column":4},"end":{"line":39,"column":74}},"type":"binary-expr","locations":[{"start":{"line":39,"column":4},"end":{"line":39,"column":17}},{"start":{"line":39,"column":21},"end":{"line":39,"column":74}}]}},"s":{"0":2,"1":2,"2":2,"3":6,"4":6,"5":1,"6":1,"7":1,"8":6,"9":0,"10":6,"11":4,"12":2},"f":{"0":6,"1":1,"2":0,"3":4},"b":{"0":[1,0],"1":[2,4],"2":[6,6],"3":[4,2]}}
,"C:\\Users\\Dzmitry_Yarash\\WebstormProjects\\rs-react-app\\src\\components\\Search\\Search.tsx": {"path":"C:\\Users\\Dzmitry_Yarash\\WebstormProjects\\rs-react-app\\src\\components\\Search\\Search.tsx","statementMap":{"0":{"start":{"line":10,"column":0},"end":{"line":10,"column":16}},"1":{"start":{"line":1,"column":0},"end":{"line":1,"column":42}},"2":{"start":{"line":3,"column":0},"end":{"line":3,"column":65}},"3":{"start":{"line":4,"column":0},"end":{"line":4,"column":47}},"4":{"start":{"line":11,"column":19},"end":{"line":11,"column":32}},"5":{"start":{"line":12,"column":22},"end":{"line":12,"column":59}},"6":{"start":{"line":14,"column":4},"end":{"line":14,"column":37}},"7":{"start":{"line":16,"column":2},"end":{"line":22,"column":34}},"8":{"start":{"line":17,"column":24},"end":{"line":17,"column":41}},"9":{"start":{"line":18,"column":4},"end":{"line":18,"column":18}},"10":{"start":{"line":19,"column":4},"end":{"line":21,"column":5}},"11":{"start":{"line":20,"column":6},"end":{"line":20,"column":46}},"12":{"start":{"line":24,"column":23},"end":{"line":29,"column":3}},"13":{"start":{"line":25,"column":4},"end":{"line":25,"column":27}},"14":{"start":{"line":26,"column":24},"end":{"line":26,"column":64}},"15":{"start":{"line":27,"column":4},"end":{"line":27,"column":48}},"16":{"start":{"line":28,"column":4},"end":{"line":28,"column":32}},"17":{"start":{"line":31,"column":2},"end":{"line":42,"column":4}}},"fnMap":{"0":{"name":"Search","decl":{"start":{"line":10,"column":16},"end":{"line":10,"column":22}},"loc":{"start":{"line":10,"column":52},"end":{"line":43,"column":1}}},"1":{"name":"(anonymous_1)","decl":{"start":{"line":16,"column":12},"end":{"line":16,"column":15}},"loc":{"start":{"line":16,"column":17},"end":{"line":22,"column":3}}},"2":{"name":"(anonymous_2)","decl":{"start":{"line":24,"column":23},"end":{"line":24,"column":24}},"loc":{"start":{"line":24,"column":61},"end":{"line":29,"column":3}}}},"branchMap":{"0":{"loc":{"start":{"line":19,"column":4},"end":{"line":21,"column":5}},"type":"if","locations":[{"start":{"line":19,"column":4},"end":{"line":21,"column":5}}]},"1":{"loc":{"start":{"line":19,"column":8},"end":{"line":19,"column":42}},"type":"binary-expr","locations":[{"start":{"line":19,"column":8},"end":{"line":19,"column":19}},{"start":{"line":19,"column":23},"end":{"line":19,"column":42}}]},"2":{"loc":{"start":{"line":26,"column":24},"end":{"line":26,"column":64}},"type":"binary-expr","locations":[{"start":{"line":26,"column":24},"end":{"line":26,"column":58}},{"start":{"line":26,"column":62},"end":{"line":26,"column":64}}]},"3":{"loc":{"start":{"line":27,"column":20},"end":{"line":27,"column":46}},"type":"binary-expr","locations":[{"start":{"line":27,"column":20},"end":{"line":27,"column":31}},{"start":{"line":27,"column":35},"end":{"line":27,"column":46}}]},"4":{"loc":{"start":{"line":28,"column":13},"end":{"line":28,"column":30}},"type":"binary-expr","locations":[{"start":{"line":28,"column":13},"end":{"line":28,"column":24}},{"start":{"line":28,"column":28},"end":{"line":28,"column":30}}]}},"s":{"0":2,"1":2,"2":2,"3":2,"4":4,"5":4,"6":4,"7":4,"8":4,"9":4,"10":4,"11":0,"12":4,"13":1,"14":1,"15":1,"16":1,"17":4},"f":{"0":4,"1":4,"2":1},"b":{"0":[0],"1":[4,0],"2":[1,0],"3":[1,1],"4":[1,0]}}
,"C:\\Users\\Dzmitry_Yarash\\WebstormProjects\\rs-react-app\\src\\components\\SearchApp\\SearchApp.tsx": {"path":"C:\\Users\\Dzmitry_Yarash\\WebstormProjects\\rs-react-app\\src\\components\\SearchApp\\SearchApp.tsx","statementMap":{"0":{"start":{"line":1,"column":0},"end":{"line":1,"column":57}},"1":{"start":{"line":2,"column":0},"end":{"line":2,"column":42}},"2":{"start":{"line":3,"column":0},"end":{"line":3,"column":45}},"3":{"start":{"line":5,"column":0},"end":{"line":5,"column":65}},"4":{"start":{"line":6,"column":0},"end":{"line":6,"column":59}},"5":{"start":{"line":7,"column":0},"end":{"line":7,"column":42}},"6":{"start":{"line":8,"column":0},"end":{"line":8,"column":63}},"7":{"start":{"line":10,"column":25},"end":{"line":77,"column":1}},"8":{"start":{"line":11,"column":38},"end":{"line":11,"column":71}},"9":{"start":{"line":12,"column":40},"end":{"line":12,"column":51}},"10":{"start":{"line":13,"column":32},"end":{"line":13,"column":47}},"11":{"start":{"line":14,"column":42},"end":{"line":14,"column":54}},"12":{"start":{"line":17,"column":4},"end":{"line":17,"column":37}},"13":{"start":{"line":19,"column":19},"end":{"line":34,"column":8}},"14":{"start":{"line":20,"column":4},"end":{"line":20,"column":21}},"15":{"start":{"line":22,"column":4},"end":{"line":33,"column":5}},"16":{"start":{"line":23,"column":34},"end":{"line":25,"column":null}},"17":{"start":{"line":27,"column":6},"end":{"line":27,"column":32}},"18":{"start":{"line":28,"column":6},"end":{"line":28,"column":24}},"19":{"start":{"line":30,"column":27},"end":{"line":30,"column":78}},"20":{"start":{"line":31,"column":6},"end":{"line":31,"column":36}},"21":{"start":{"line":32,"column":6},"end":{"line":32,"column":24}},"22":{"start":{"line":36,"column":2},"end":{"line":39,"column":34}},"23":{"start":{"line":37,"column":31},"end":{"line":37,"column":54}},"24":{"start":{"line":38,"column":4},"end":{"line":38,"column":36}},"25":{"start":{"line":41,"column":23},"end":{"line":46,"column":3}},"26":{"start":{"line":42,"column":4},"end":{"line":42,"column":36}},"27":{"start":{"line":43,"column":4},"end":{"line":43,"column":32}},"28":{"start":{"line":44,"column":4},"end":{"line":44,"column":21}},"29":{"start":{"line":45,"column":4},"end":{"line":45,"column":32}},"30":{"start":{"line":48,"column":27},"end":{"line":52,"column":3}},"31":{"start":{"line":49,"column":4},"end":{"line":49,"column":25}},"32":{"start":{"line":50,"column":4},"end":{"line":50,"column":21}},"33":{"start":{"line":51,"column":4},"end":{"line":51,"column":44}},"34":{"start":{"line":54,"column":30},"end":{"line":54,"column":65}},"35":{"start":{"line":56,"column":2},"end":{"line":76,"column":4}},"36":{"start":{"line":72,"column":30},"end":{"line":72,"column":63}},"37":{"start":{"line":73,"column":26},"end":{"line":73,"column":59}},"38":{"start":{"line":10,"column":13},"end":{"line":10,"column":25}}},"fnMap":{"0":{"name":"(anonymous_0)","decl":{"start":{"line":10,"column":25},"end":{"line":10,"column":28}},"loc":{"start":{"line":10,"column":30},"end":{"line":77,"column":1}}},"1":{"name":"(anonymous_1)","decl":{"start":{"line":19,"column":31},"end":{"line":19,"column":36}},"loc":{"start":{"line":19,"column":69},"end":{"line":34,"column":3}}},"2":{"name":"(anonymous_2)","decl":{"start":{"line":36,"column":12},"end":{"line":36,"column":15}},"loc":{"start":{"line":36,"column":17},"end":{"line":39,"column":3}}},"3":{"name":"(anonymous_3)","decl":{"start":{"line":41,"column":23},"end":{"line":41,"column":24}},"loc":{"start":{"line":41,"column":50},"end":{"line":46,"column":3}}},"4":{"name":"(anonymous_4)","decl":{"start":{"line":48,"column":27},"end":{"line":48,"column":28}},"loc":{"start":{"line":48,"column":44},"end":{"line":52,"column":3}}},"5":{"name":"(anonymous_5)","decl":{"start":{"line":72,"column":24},"end":{"line":72,"column":27}},"loc":{"start":{"line":72,"column":30},"end":{"line":72,"column":63}}},"6":{"name":"(anonymous_6)","decl":{"start":{"line":73,"column":20},"end":{"line":73,"column":23}},"loc":{"start":{"line":73,"column":26},"end":{"line":73,"column":59}}}},"branchMap":{"0":{"loc":{"start":{"line":23,"column":14},"end":{"line":23,"column":29}},"type":"default-arg","locations":[{"start":{"line":23,"column":27},"end":{"line":23,"column":29}}]},"1":{"loc":{"start":{"line":30,"column":27},"end":{"line":30,"column":78}},"type":"cond-expr","locations":[{"start":{"line":30,"column":52},"end":{"line":30,"column":65}},{"start":{"line":30,"column":68},"end":{"line":30,"column":78}}]},"2":{"loc":{"start":{"line":37,"column":31},"end":{"line":37,"column":54}},"type":"binary-expr","locations":[{"start":{"line":37,"column":31},"end":{"line":37,"column":48}},{"start":{"line":37,"column":52},"end":{"line":37,"column":54}}]},"3":{"loc":{"start":{"line":51,"column":13},"end":{"line":51,"column":36}},"type":"binary-expr","locations":[{"start":{"line":51,"column":13},"end":{"line":51,"column":30}},{"start":{"line":51,"column":34},"end":{"line":51,"column":36}}]},"4":{"loc":{"start":{"line":54,"column":30},"end":{"line":54,"column":65}},"type":"binary-expr","locations":[{"start":{"line":54,"column":30},"end":{"line":54,"column":40}},{"start":{"line":54,"column":44},"end":{"line":54,"column":65}}]},"5":{"loc":{"start":{"line":60,"column":7},"end":{"line":67,"column":null}},"type":"cond-expr","locations":[{"start":{"line":61,"column":8},"end":{"line":61,"column":18}},{"start":{"line":63,"column":8},"end":{"line":66,"column":null}}]},"6":{"loc":{"start":{"line":65,"column":23},"end":{"line":65,"column":46}},"type":"binary-expr","locations":[{"start":{"line":65,"column":23},"end":{"line":65,"column":40}},{"start":{"line":65,"column":44},"end":{"line":65,"column":46}}]}},"s":{"0":1,"1":1,"2":1,"3":1,"4":1,"5":1,"6":1,"7":1,"8":3,"9":3,"10":3,"11":3,"12":3,"13":3,"14":1,"15":1,"16":1,"17":0,"18":0,"19":1,"20":1,"21":1,"22":3,"23":1,"24":1,"25":3,"26":0,"27":0,"28":0,"29":0,"30":3,"31":0,"32":0,"33":0,"34":3,"35":3,"36":0,"37":0,"38":1},"f":{"0":3,"1":1,"2":1,"3":0,"4":0,"5":0,"6":0},"b":{"0":[0],"1":[1,0],"2":[1,1],"3":[0,0],"4":[3,3],"5":[1,2],"6":[2,0]}}
,"C:\\Users\\Dzmitry_Yarash\\WebstormProjects\\rs-react-app\\src\\components\\ThrowErrorButton\\ThrowErrorButton.tsx": {"path":"C:\\Users\\Dzmitry_Yarash\\WebstormProjects\\rs-react-app\\src\\components\\ThrowErrorButton\\ThrowErrorButton.tsx","statementMap":{"0":{"start":{"line":3,"column":0},"end":{"line":3,"column":16}},"1":{"start":{"line":1,"column":0},"end":{"line":1,"column":33}},"2":{"start":{"line":4,"column":30},"end":{"line":4,"column":45}},"3":{"start":{"line":6,"column":22},"end":{"line":8,"column":3}},"4":{"start":{"line":7,"column":4},"end":{"line":7,"column":20}},"5":{"start":{"line":10,"column":2},"end":{"line":12,"column":3}},"6":{"start":{"line":11,"column":4},"end":{"line":11,"column":22}},"7":{"start":{"line":14,"column":2},"end":{"line":14,"column":62}}},"fnMap":{"0":{"name":"ThrowErrorButton","decl":{"start":{"line":3,"column":16},"end":{"line":3,"column":32}},"loc":{"start":{"line":3,"column":32},"end":{"line":15,"column":1}}},"1":{"name":"(anonymous_1)","decl":{"start":{"line":6,"column":22},"end":{"line":6,"column":25}},"loc":{"start":{"line":6,"column":27},"end":{"line":8,"column":3}}}},"branchMap":{"0":{"loc":{"start":{"line":10,"column":2},"end":{"line":12,"column":3}},"type":"if","locations":[{"start":{"line":10,"column":2},"end":{"line":12,"column":3}}]}},"s":{"0":3,"1":3,"2":11,"3":10,"4":1,"5":10,"6":4,"7":6},"f":{"0":11,"1":1},"b":{"0":[4]}}
,"C:\\Users\\Dzmitry_Yarash\\WebstormProjects\\rs-react-app\\src\\services\\swapiService.tsx": {"path":"C:\\Users\\Dzmitry_Yarash\\WebstormProjects\\rs-react-app\\src\\services\\swapiService.tsx","statementMap":{"0":{"start":{"line":11,"column":19},"end":{"line":11,"column":35}},"1":{"start":{"line":12,"column":2},"end":{"line":14,"column":3}},"2":{"start":{"line":13,"column":4},"end":{"line":13,"column":48}},"3":{"start":{"line":15,"column":2},"end":{"line":15,"column":31}},"4":{"start":{"line":18,"column":34},"end":{"line":31,"column":1}},"5":{"start":{"line":22,"column":23},"end":{"line":26,"column":4}},"6":{"start":{"line":28,"column":14},"end":{"line":28,"column":72}},"7":{"start":{"line":30,"column":2},"end":{"line":30,"column":24}},"8":{"start":{"line":33,"column":25},"end":{"line":36,"column":1}},"9":{"start":{"line":34,"column":14},"end":{"line":34,"column":50}},"10":{"start":{"line":35,"column":2},"end":{"line":35,"column":24}},"11":{"start":{"line":38,"column":29},"end":{"line":42,"column":2}},"12":{"start":{"line":40,"column":4},"end":{"line":40,"column":48}},"13":{"start":{"line":44,"column":22},"end":{"line":52,"column":2}},"14":{"start":{"line":46,"column":36},"end":{"line":48,"column":null}},"15":{"start":{"line":50,"column":4},"end":{"line":50,"column":44}},"16":{"start":{"line":54,"column":13},"end":{"line":57,"column":2}}},"fnMap":{"0":{"name":"fetchData","decl":{"start":{"line":10,"column":15},"end":{"line":10,"column":24}},"loc":{"start":{"line":10,"column":39},"end":{"line":16,"column":1}}},"1":{"name":"(anonymous_1)","decl":{"start":{"line":18,"column":34},"end":{"line":18,"column":39}},"loc":{"start":{"line":21,"column":22},"end":{"line":31,"column":1}}},"2":{"name":"(anonymous_2)","decl":{"start":{"line":33,"column":25},"end":{"line":33,"column":30}},"loc":{"start":{"line":33,"column":67},"end":{"line":36,"column":1}}},"3":{"name":"(anonymous_3)","decl":{"start":{"line":39,"column":2},"end":{"line":39,"column":7}},"loc":{"start":{"line":39,"column":33},"end":{"line":41,"column":3}}},"4":{"name":"(anonymous_4)","decl":{"start":{"line":45,"column":2},"end":{"line":45,"column":7}},"loc":{"start":{"line":45,"column":57},"end":{"line":51,"column":3}}}},"branchMap":{"0":{"loc":{"start":{"line":12,"column":2},"end":{"line":14,"column":3}},"type":"if","locations":[{"start":{"line":12,"column":2},"end":{"line":14,"column":3}}]},"1":{"loc":{"start":{"line":25,"column":16},"end":{"line":25,"column":44}},"type":"cond-expr","locations":[{"start":{"line":25,"column":31},"end":{"line":25,"column":40}},{"start":{"line":25,"column":43},"end":{"line":25,"column":44}}]},"2":{"loc":{"start":{"line":40,"column":11},"end":{"line":40,"column":47}},"type":"binary-expr","locations":[{"start":{"line":40,"column":12},"end":{"line":40,"column":38}},{"start":{"line":40,"column":43},"end":{"line":40,"column":47}}]},"3":{"loc":{"start":{"line":50,"column":25},"end":{"line":50,"column":41}},"type":"binary-expr","locations":[{"start":{"line":50,"column":25},"end":{"line":50,"column":35}},{"start":{"line":50,"column":39},"end":{"line":50,"column":41}}]}},"s":{"0":0,"1":0,"2":0,"3":0,"4":2,"5":0,"6":0,"7":0,"8":2,"9":0,"10":0,"11":2,"12":0,"13":2,"14":0,"15":0,"16":2},"f":{"0":0,"1":0,"2":0,"3":0,"4":0},"b":{"0":[0],"1":[0,0],"2":[0,0],"3":[0,0]}}
,"C:\\Users\\Dzmitry_Yarash\\WebstormProjects\\rs-react-app\\src\\services\\useLocalStorage.tsx": {"path":"C:\\Users\\Dzmitry_Yarash\\WebstormProjects\\rs-react-app\\src\\services\\useLocalStorage.tsx","statementMap":{"0":{"start":{"line":1,"column":0},"end":{"line":1,"column":45}},"1":{"start":{"line":3,"column":31},"end":{"line":27,"column":1}},"2":{"start":{"line":4,"column":26},"end":{"line":14,"column":11}},"3":{"start":{"line":5,"column":25},"end":{"line":5,"column":50}},"4":{"start":{"line":6,"column":4},"end":{"line":12,"column":5}},"5":{"start":{"line":7,"column":6},"end":{"line":11,"column":7}},"6":{"start":{"line":8,"column":8},"end":{"line":8,"column":40}},"7":{"start":{"line":10,"column":8},"end":{"line":10,"column":52}},"8":{"start":{"line":13,"column":4},"end":{"line":13,"column":16}},"9":{"start":{"line":16,"column":26},"end":{"line":20,"column":null}},"10":{"start":{"line":18,"column":6},"end":{"line":18,"column":55}},"11":{"start":{"line":23,"column":2},"end":{"line":26,"column":4}},"12":{"start":{"line":24,"column":11},"end":{"line":24,"column":47}},"13":{"start":{"line":3,"column":13},"end":{"line":3,"column":31}}},"fnMap":{"0":{"name":"(anonymous_0)","decl":{"start":{"line":3,"column":31},"end":{"line":3,"column":32}},"loc":{"start":{"line":3,"column":47},"end":{"line":27,"column":1}}},"1":{"name":"(anonymous_1)","decl":{"start":{"line":4,"column":38},"end":{"line":4,"column":41}},"loc":{"start":{"line":4,"column":43},"end":{"line":14,"column":3}}},"2":{"name":"(anonymous_2)","decl":{"start":{"line":17,"column":4},"end":{"line":17,"column":5}},"loc":{"start":{"line":17,"column":22},"end":{"line":19,"column":5}}},"3":{"name":"(anonymous_3)","decl":{"start":{"line":24,"column":4},"end":{"line":24,"column":7}},"loc":{"start":{"line":24,"column":11},"end":{"line":24,"column":47}}}},"branchMap":{"0":{"loc":{"start":{"line":6,"column":4},"end":{"line":12,"column":5}},"type":"if","locations":[{"start":{"line":6,"column":4},"end":{"line":12,"column":5}}]}},"s":{"0":1,"1":1,"2":0,"3":0,"4":0,"5":0,"6":0,"7":0,"8":0,"9":0,"10":0,"11":0,"12":0,"13":1},"f":{"0":0,"1":0,"2":0,"3":0},"b":{"0":[0]}}
}
