TN:
SF:src\main.tsx
FNF:0
FNH:0
DA:1,0
DA:2,0
DA:3,0
DA:4,0
DA:6,0
DA:7,0
DA:8,0
DA:14,0
LF:8
LH:0
BRDA:7,0,0,0
BRDA:7,0,1,0
BRF:2
BRH:0
end_of_record
TN:
SF:src\components\App\App.tsx
FN:25,(anonymous_0)
FNF:1
FNH:0
FNDA:0,(anonymous_0)
DA:1,0
DA:2,0
DA:3,0
DA:4,0
DA:5,0
DA:6,0
DA:8,0
DA:25,0
DA:26,0
LF:9
LH:0
BRF:0
BRH:0
end_of_record
TN:
SF:src\components\Card\Card.tsx
FN:11,(anonymous_0)
FN:13,(anonymous_1)
FNF:2
FNH:2
FNDA:6,(anonymous_0)
FNDA:2,(anonymous_1)
DA:11,3
DA:12,6
DA:13,2
LF:3
LH:3
BRF:0
BRH:0
end_of_record
TN:
SF:src\components\Details\Details.tsx
FN:7,(anonymous_0)
FN:16,(anonymous_1)
FN:30,(anonymous_2)
FN:34,(anonymous_3)
FNF:4
FNH:3
FNDA:8,(anonymous_0)
FNDA:3,(anonymous_1)
FNDA:3,(anonymous_2)
FNDA:0,(anonymous_3)
DA:2,1
DA:3,1
DA:4,1
DA:5,1
DA:7,1
DA:8,8
DA:9,8
DA:12,8
DA:13,8
DA:15,8
DA:16,8
DA:17,3
DA:19,3
DA:20,3
DA:21,1
DA:22,1
DA:24,1
DA:25,1
DA:26,1
DA:30,8
DA:31,3
DA:34,8
DA:35,0
DA:38,8
LF:24
LH:23
BRDA:20,0,0,3
BRDA:20,0,1,0
BRDA:24,1,0,1
BRDA:24,1,1,0
BRDA:31,2,0,3
BRDA:31,2,1,0
BRDA:38,3,0,3
BRDA:38,3,1,5
BRDA:41,4,0,5
BRDA:41,4,1,1
BRDA:41,4,2,4
BRF:11
BRH:8
end_of_record
TN:
SF:src\components\ErrorBoundary\ErrorBoundary.tsx
FN:18,(anonymous_1)
FN:22,(anonymous_2)
FN:26,(anonymous_3)
FNF:3
FNH:3
FNDA:2,(anonymous_1)
FNDA:1,(anonymous_2)
FNDA:5,(anonymous_3)
DA:1,1
DA:9,1
DA:13,3
DA:19,2
DA:23,1
DA:27,5
DA:28,2
DA:31,3
LF:8
LH:8
BRDA:27,0,0,2
BRF:1
BRH:1
end_of_record
TN:
SF:src\components\FooterActions\FooterActions.tsx
FN:12,(anonymous_0)
FN:23,(anonymous_1)
FN:24,(anonymous_2)
FNF:3
FNH:1
FNDA:4,(anonymous_0)
FNDA:0,(anonymous_1)
FNDA:0,(anonymous_2)
DA:2,2
DA:3,2
DA:12,2
DA:18,4
DA:23,0
DA:24,0
LF:6
LH:4
BRDA:20,0,0,4
BRDA:20,0,1,0
BRF:2
BRH:1
end_of_record
TN:
SF:src\components\Loader\Loader.tsx
FN:1,(anonymous_0)
FNF:1
FNH:1
FNDA:5,(anonymous_0)
DA:1,3
DA:2,5
LF:2
LH:2
BRF:0
BRH:0
end_of_record
TN:
SF:src\components\NotFoundPage\NotFoundPage.tsx
FN:1,(anonymous_0)
FNF:1
FNH:1
FNDA:1,(anonymous_0)
DA:1,1
DA:2,1
LF:2
LH:2
BRF:0
BRH:0
end_of_record
TN:
SF:src\components\Pagination\Pagination.tsx
FN:10,(anonymous_0)
FN:17,(anonymous_1)
FNF:2
FNH:2
FNDA:4,(anonymous_0)
FNDA:4,(anonymous_1)
DA:1,2
DA:2,2
DA:10,2
DA:15,4
DA:17,4
DA:18,4
DA:19,4
DA:26,4
LF:8
LH:8
BRDA:18,0,0,4
BRF:1
BRH:1
end_of_record
TN:
SF:src\components\Results\Results.tsx
FN:7,(anonymous_0)
FN:14,(anonymous_1)
FN:23,(anonymous_2)
FN:30,(anonymous_3)
FNF:4
FNH:3
FNDA:6,(anonymous_0)
FNDA:1,(anonymous_1)
FNDA:0,(anonymous_2)
FNDA:4,(anonymous_3)
DA:2,2
DA:5,2
DA:7,2
DA:12,6
DA:14,6
DA:18,1
DA:19,1
DA:20,1
DA:23,6
DA:24,0
DA:27,6
DA:31,4
LF:12
LH:11
BRDA:19,0,0,1
BRDA:19,0,1,0
BRDA:27,1,0,2
BRDA:27,1,1,4
BRDA:27,2,0,6
BRDA:27,2,1,6
BRDA:39,3,0,4
BRDA:39,3,1,2
BRF:8
BRH:7
end_of_record
TN:
SF:src\components\Search\Search.tsx
FN:10,Search
FN:16,(anonymous_1)
FN:24,(anonymous_2)
FNF:3
FNH:3
FNDA:4,Search
FNDA:4,(anonymous_1)
FNDA:1,(anonymous_2)
DA:1,2
DA:3,2
DA:4,2
DA:10,2
DA:11,4
DA:12,4
DA:14,4
DA:16,4
DA:17,4
DA:18,4
DA:19,4
DA:20,0
DA:24,4
DA:25,1
DA:26,1
DA:27,1
DA:28,1
DA:31,4
LF:18
LH:17
BRDA:19,0,0,0
BRDA:19,1,0,4
BRDA:19,1,1,0
BRDA:26,2,0,1
BRDA:26,2,1,0
BRDA:27,3,0,1
BRDA:27,3,1,1
BRDA:28,4,0,1
BRDA:28,4,1,0
BRF:9
BRH:5
end_of_record
TN:
SF:src\components\SearchApp\SearchApp.tsx
FN:10,(anonymous_0)
FN:19,(anonymous_1)
FN:36,(anonymous_2)
FN:41,(anonymous_3)
FN:48,(anonymous_4)
FN:72,(anonymous_5)
FN:73,(anonymous_6)
FNF:7
FNH:3
FNDA:3,(anonymous_0)
FNDA:1,(anonymous_1)
FNDA:1,(anonymous_2)
FNDA:0,(anonymous_3)
FNDA:0,(anonymous_4)
FNDA:0,(anonymous_5)
FNDA:0,(anonymous_6)
DA:1,1
DA:2,1
DA:3,1
DA:5,1
DA:6,1
DA:7,1
DA:8,1
DA:10,1
DA:11,3
DA:12,3
DA:13,3
DA:14,3
DA:17,3
DA:19,3
DA:20,1
DA:22,1
DA:23,1
DA:27,0
DA:28,0
DA:30,1
DA:31,1
DA:32,1
DA:36,3
DA:37,1
DA:38,1
DA:41,3
DA:42,0
DA:43,0
DA:44,0
DA:45,0
DA:48,3
DA:49,0
DA:50,0
DA:51,0
DA:54,3
DA:56,3
DA:72,0
DA:73,0
LF:38
LH:27
BRDA:23,0,0,0
BRDA:30,1,0,1
BRDA:30,1,1,0
BRDA:37,2,0,1
BRDA:37,2,1,1
BRDA:51,3,0,0
BRDA:51,3,1,0
BRDA:54,4,0,3
BRDA:54,4,1,3
BRDA:60,5,0,1
BRDA:60,5,1,2
BRDA:65,6,0,2
BRDA:65,6,1,0
BRF:13
BRH:8
end_of_record
TN:
SF:src\components\ThrowErrorButton\ThrowErrorButton.tsx
FN:3,ThrowErrorButton
FN:6,(anonymous_1)
FNF:2
FNH:2
FNDA:11,ThrowErrorButton
FNDA:1,(anonymous_1)
DA:1,3
DA:3,3
DA:4,11
DA:6,10
DA:7,1
DA:10,10
DA:11,4
DA:14,6
LF:8
LH:8
BRDA:10,0,0,4
BRF:1
BRH:1
end_of_record
TN:
SF:src\services\swapiService.tsx
FN:10,fetchData
FN:18,(anonymous_1)
FN:33,(anonymous_2)
FN:39,(anonymous_3)
FN:45,(anonymous_4)
FNF:5
FNH:0
FNDA:0,fetchData
FNDA:0,(anonymous_1)
FNDA:0,(anonymous_2)
FNDA:0,(anonymous_3)
FNDA:0,(anonymous_4)
DA:11,0
DA:12,0
DA:13,0
DA:15,0
DA:18,2
DA:22,0
DA:28,0
DA:30,0
DA:33,2
DA:34,0
DA:35,0
DA:38,2
DA:40,0
DA:44,2
DA:46,0
DA:50,0
DA:54,2
LF:17
LH:5
BRDA:12,0,0,0
BRDA:25,1,0,0
BRDA:25,1,1,0
BRDA:40,2,0,0
BRDA:40,2,1,0
BRDA:50,3,0,0
BRDA:50,3,1,0
BRF:7
BRH:0
end_of_record
TN:
SF:src\services\useLocalStorage.tsx
FN:3,(anonymous_0)
FN:4,(anonymous_1)
FN:17,(anonymous_2)
FN:24,(anonymous_3)
FNF:4
FNH:0
FNDA:0,(anonymous_0)
FNDA:0,(anonymous_1)
FNDA:0,(anonymous_2)
FNDA:0,(anonymous_3)
DA:1,1
DA:3,1
DA:4,0
DA:5,0
DA:6,0
DA:7,0
DA:8,0
DA:10,0
DA:13,0
DA:16,0
DA:18,0
DA:23,0
DA:24,0
LF:13
LH:2
BRDA:6,0,0,0
BRF:1
BRH:0
end_of_record
